2025-03-01 11:06:59,187 [INFO] WebApp:190 - Connection lost
2025-03-01 11:07:00,367 [INFO] WebApp:187 - Connection restablished
2025-03-01 11:07:00,636 [INFO] WebApp:190 - Connection lost
2025-03-01 11:07:00,769 [INFO] WebApp:187 - Connection restablished
2025-03-01 11:07:04,373 [INFO] WebApp:190 - Connection lost
2025-03-01 11:07:04,496 [INFO] WebApp:187 - Connection restablished
2025-03-01 11:07:09,361 [INFO] WebApp:190 - Connection lost
2025-03-01 11:07:09,480 [INFO] WebApp:187 - Connection restablished
2025-03-01 11:40:57,516 [INFO] Activator:176 - 


2025-03-01 11:40:57,519 [INFO] Activator:177 - !SESSION log4j initialized
2025-03-01 11:41:06,113 [INFO] LogOutputStream:77 - [STDOUT_REDIRECT] 
2025-03-01 11:41:07,753 [INFO] ApplicationProperties:184 - Using Application install path: G:\ST\STM32CubeIDE_1.17.0\STM32CubeIDE\plugins\com.st.stm32cube.common.mx_6.13.0.202411220809
2025-03-01 11:41:07,774 [INFO] DbMcusXml:78 - Set database path to: G:\ST\STM32CubeIDE_1.17.0\STM32CubeIDE\plugins\com.st.stm32cube.common.mx_6.13.0.202411220809\\db\/mcu/
2025-03-01 11:41:07,774 [INFO] ApiDb:274 - Set plugin database path to: G:\ST\STM32CubeIDE_1.17.0\STM32CubeIDE\plugins\com.st.stm32cube.common.mx_6.13.0.202411220809\\db\/plugins/boardmanager/
2025-03-01 11:41:07,774 [WARN] ApiDb:259 - Overriding images path with different value:  => G:\ST\STM32CubeIDE_1.17.0\STM32CubeIDE\plugins\com.st.stm32cube.common.mx_6.13.0.202411220809\\db\/plugins/mcufinder/images/
2025-03-01 11:41:07,781 [INFO] ApiDb:250 - Set database path to: C:\Users\Karol\.stmcufinder\plugins\mcufinder//mcu/
2025-03-01 11:41:07,783 [INFO] DbMcusAds:125 - Set database path to: C:\Users\Karol\.stmcufinder\plugins\mcufinder//mcu/
2025-03-01 11:41:07,794 [INFO] CrossReferenceDbSqlite:203 - Set database path to: C:\Users\Karol\.stmcufinder\plugins\mcufinder//mcu/cs/
2025-03-01 11:41:07,951 [INFO] RulesReader:64 - Compatibility file has been processed (297 Rules)
2025-03-01 11:41:08,074 [INFO] DbMcusXml:78 - Set database path to: G:\ST\STM32CubeIDE_1.17.0\STM32CubeIDE\plugins\com.st.stm32cube.common.mx_6.13.0.202411220809\\db\/mcu/
2025-03-01 11:41:08,075 [INFO] ApiDb:274 - Set plugin database path to: G:\ST\STM32CubeIDE_1.17.0\STM32CubeIDE\plugins\com.st.stm32cube.common.mx_6.13.0.202411220809\\db\/plugins/boardmanager/
2025-03-01 11:41:08,075 [INFO] ApiDb:261 - Set plugin images path to: G:\ST\STM32CubeIDE_1.17.0\STM32CubeIDE\plugins\com.st.stm32cube.common.mx_6.13.0.202411220809\\db\/plugins/mcufinder/images/
2025-03-01 11:41:08,075 [WARN] DbFile:41 - Overriding database path with different value: C:\Users\Karol\.stmcufinder\plugins\mcufinder/ => C:\Users\Karol\.stmcufinder\plugins\mcufinder
2025-03-01 11:41:08,075 [INFO] ApiDb:250 - Set database path to: C:\Users\Karol\.stmcufinder\plugins\mcufinder//mcu/
2025-03-01 11:41:08,075 [WARN] DbFile:41 - Overriding database path with different value: C:\Users\Karol\.stmcufinder\plugins\mcufinder/ => C:\Users\Karol\.stmcufinder\plugins\mcufinder
2025-03-01 11:41:08,075 [INFO] DbMcusAds:125 - Set database path to: C:\Users\Karol\.stmcufinder\plugins\mcufinder//mcu/
2025-03-01 11:41:08,075 [WARN] DbFile:41 - Overriding database path with different value: C:\Users\Karol\.stmcufinder\plugins\mcufinder/ => C:\Users\Karol\.stmcufinder\plugins\mcufinder
2025-03-01 11:41:08,076 [WARN] DbFile:41 - Overriding database path with different value: C:\Users\Karol\.stmcufinder\plugins\mcufinder/ => C:\Users\Karol\.stmcufinder\plugins\mcufinder
2025-03-01 11:41:08,076 [INFO] CrossReferenceDbSqlite:203 - Set database path to: C:\Users\Karol\.stmcufinder\plugins\mcufinder//mcu/cs/
2025-03-01 11:41:08,180 [INFO] MainPanel:272 - HeapMemory: 268435456
2025-03-01 11:41:08,303 [INFO] DbMcusXml:78 - Set database path to: G:\ST\STM32CubeIDE_1.17.0\STM32CubeIDE\plugins\com.st.stm32cube.common.mx_6.13.0.202411220809\\db\/mcu/
2025-03-01 11:41:08,303 [INFO] ApiDb:274 - Set plugin database path to: G:\ST\STM32CubeIDE_1.17.0\STM32CubeIDE\plugins\com.st.stm32cube.common.mx_6.13.0.202411220809\\db\/plugins/boardmanager/
2025-03-01 11:41:08,303 [INFO] ApiDb:261 - Set plugin images path to: G:\ST\STM32CubeIDE_1.17.0\STM32CubeIDE\plugins\com.st.stm32cube.common.mx_6.13.0.202411220809\\db\/plugins/mcufinder/images/
2025-03-01 11:41:08,303 [WARN] DbFile:41 - Overriding database path with different value: C:\Users\Karol\.stmcufinder\plugins\mcufinder/ => C:\Users\Karol\.stmcufinder\plugins\mcufinder
2025-03-01 11:41:08,303 [INFO] ApiDb:250 - Set database path to: C:\Users\Karol\.stmcufinder\plugins\mcufinder//mcu/
2025-03-01 11:41:08,304 [WARN] DbFile:41 - Overriding database path with different value: C:\Users\Karol\.stmcufinder\plugins\mcufinder/ => C:\Users\Karol\.stmcufinder\plugins\mcufinder
2025-03-01 11:41:08,304 [INFO] DbMcusAds:125 - Set database path to: C:\Users\Karol\.stmcufinder\plugins\mcufinder//mcu/
2025-03-01 11:41:08,304 [WARN] DbFile:41 - Overriding database path with different value: C:\Users\Karol\.stmcufinder\plugins\mcufinder/ => C:\Users\Karol\.stmcufinder\plugins\mcufinder
2025-03-01 11:41:08,304 [WARN] DbFile:41 - Overriding database path with different value: C:\Users\Karol\.stmcufinder\plugins\mcufinder/ => C:\Users\Karol\.stmcufinder\plugins\mcufinder
2025-03-01 11:41:08,304 [INFO] CrossReferenceDbSqlite:203 - Set database path to: C:\Users\Karol\.stmcufinder\plugins\mcufinder//mcu/cs/
2025-03-01 11:41:08,332 [INFO] ApplicationProperties:184 - Using Application install path: G:\ST\STM32CubeIDE_1.17.0\STM32CubeIDE\plugins\com.st.stm32cube.common.mx_6.13.0.202411220809
2025-03-01 11:41:08,334 [INFO] PluginManage:196 - Search for loadable plugins [exclusion list=, ]
2025-03-01 11:41:08,335 [INFO] PluginManage:310 - Check plugin analytics
2025-03-01 11:41:08,552 [INFO] AnalyticsPlugin:253 - Accepted Software Licenses: 
2025-03-01 11:41:08,552 [INFO] AnalyticsPlugin:255 - Accepted CMSIS Pack Licenses: 
2025-03-01 11:41:08,552 [INFO] AnalyticsPlugin:257 - Accepted Firmware Licenses: FW.F4.1.28.0
2025-03-01 11:41:08,555 [INFO] PluginManage:359 - Loaded plugin analytics (category:tool,tabindex:-1)
2025-03-01 11:41:08,555 [INFO] PluginManage:310 - Check plugin cadmodel
2025-03-01 11:41:08,576 [INFO] CADModel:105 - Init CAD model plugin
2025-03-01 11:41:08,577 [INFO] PluginManage:359 - Loaded plugin cadmodel (category:power,tabindex:5)
2025-03-01 11:41:08,577 [INFO] PluginManage:310 - Check plugin clock
2025-03-01 11:41:08,602 [INFO] PluginManage:359 - Loaded plugin clock (category:base,tabindex:2)
2025-03-01 11:41:08,602 [INFO] PluginManage:310 - Check plugin ddr
2025-03-01 11:41:08,605 [INFO] PluginManage:359 - Loaded plugin ddr (category:tool,tabindex:6)
2025-03-01 11:41:08,605 [INFO] PluginManage:310 - Check plugin filemanager
2025-03-01 11:41:08,769 [INFO] PluginManage:359 - Loaded plugin filemanager (category:base,tabindex:10)
2025-03-01 11:41:08,769 [INFO] PluginManage:310 - Check plugin ipmanager
2025-03-01 11:41:08,781 [INFO] PluginManage:359 - Loaded plugin ipmanager (category:base,tabindex:5)
2025-03-01 11:41:08,781 [INFO] PluginManage:310 - Check plugin lpbam
2025-03-01 11:41:08,801 [INFO] PluginManage:359 - Loaded plugin lpbam (category:base,tabindex:0)
2025-03-01 11:41:08,801 [INFO] PluginManage:310 - Check plugin memorymap
2025-03-01 11:41:08,830 [INFO] PluginManage:359 - Loaded plugin memorymap (category:base,tabindex:4)
2025-03-01 11:41:08,830 [INFO] PluginManage:310 - Check plugin pinoutandconfiguration
2025-03-01 11:41:08,854 [INFO] PluginManage:359 - Loaded plugin pinoutandconfiguration (category:base,tabindex:1)
2025-03-01 11:41:08,854 [INFO] PluginManage:310 - Check plugin pinoutconfig
2025-03-01 11:41:08,982 [WARN] SupportedApi:132 - Cannot load RTOS API schema: s4s-elt-must-match.1: The content of 'definitions' must match (annotation?, (simpleType | complexType)?, (unique | key | keyref)*)). A problem was found starting at: attribute.
2025-03-01 11:41:09,140 [INFO] PluginManage:359 - Loaded plugin pinoutconfig (category:base,tabindex:0)
2025-03-01 11:41:09,140 [INFO] PluginManage:310 - Check plugin power
2025-03-01 11:41:09,166 [INFO] PluginManage:359 - Loaded plugin power (category:power,tabindex:4)
2025-03-01 11:41:09,166 [INFO] PluginManage:310 - Check plugin projectmanager
2025-03-01 11:41:09,189 [INFO] PluginManage:359 - Loaded plugin projectmanager (category:projectmanager,tabindex:4)
2025-03-01 11:41:09,189 [INFO] PluginManage:310 - Check plugin rif
2025-03-01 11:41:09,212 [INFO] PluginManage:359 - Loaded plugin rif (category:base,tabindex:3)
2025-03-01 11:41:09,212 [INFO] PluginManage:310 - Check plugin thirdparty
2025-03-01 11:41:09,576 [INFO] PluginManage:359 - Loaded plugin thirdparty (category:base,tabindex:-1)
2025-03-01 11:41:09,576 [WARN] IntegrityCheckThread:84 - waiting for thirdparty lock release [integrity check]
2025-03-01 11:41:09,576 [INFO] PluginManage:310 - Check plugin tools
2025-03-01 11:41:09,577 [INFO] IntegrityCheckThread:86 - entering critical section [integrity check]
2025-03-01 11:41:09,577 [INFO] ThirdPartyUpdaterWithRetryManager:70 - Updater plugin not ready yet. [1/15]
2025-03-01 11:41:09,626 [INFO] PluginManage:359 - Loaded plugin tools (category:base,tabindex:7)
2025-03-01 11:41:09,626 [INFO] PluginManage:310 - Check plugin tutovideos
2025-03-01 11:41:09,833 [INFO] PluginManage:359 - Loaded plugin tutovideos (category:base,tabindex:-1)
2025-03-01 11:41:09,833 [INFO] PluginManage:310 - Check plugin updater
2025-03-01 11:41:09,856 [INFO] PluginManage:359 - Loaded plugin updater (category:base,tabindex:12)
2025-03-01 11:41:09,856 [INFO] PluginManage:310 - Check plugin userauth
2025-03-01 11:41:09,856 [INFO] UserAuth:118 - Init User Auth plugin
2025-03-01 11:41:09,863 [INFO] PluginManage:359 - Loaded plugin userauth (category:base,tabindex:14)
2025-03-01 11:41:09,863 [INFO] PluginManage:283 - PluginManage : Loaded plugins [18]
2025-03-01 11:41:10,106 [INFO] PinOutPanel:1589 - setPackage(No Configuration,No Configuration)
2025-03-01 11:41:10,220 [INFO] CADModel:165 - CPN selected for project level
2025-03-01 11:41:10,220 [INFO] CADModel:114 - Register for checkConnection events
2025-03-01 11:41:10,253 [INFO] IPUIPlugin:80 - create IPUIPlugin
2025-03-01 11:41:10,253 [INFO] PluginManager:220 - loadIPPluginJar : add adc
2025-03-01 11:41:10,306 [INFO] IPUIPlugin:80 - create IPUIPlugin
2025-03-01 11:41:10,306 [INFO] PluginManager:220 - loadIPPluginJar : add aes
2025-03-01 11:41:10,377 [INFO] IPUIPlugin:80 - create IPUIPlugin
2025-03-01 11:41:10,377 [INFO] PluginManager:220 - loadIPPluginJar : add can
2025-03-01 11:41:10,416 [INFO] IPUIPlugin:80 - create IPUIPlugin
2025-03-01 11:41:10,416 [INFO] PluginManager:220 - loadIPPluginJar : add comp
2025-03-01 11:41:10,464 [INFO] IPUIPlugin:80 - create IPUIPlugin
2025-03-01 11:41:10,464 [INFO] PluginManager:220 - loadIPPluginJar : add cryp
2025-03-01 11:41:10,489 [INFO] IPUIPlugin:80 - create IPUIPlugin
2025-03-01 11:41:10,489 [INFO] PluginManager:220 - loadIPPluginJar : add ddr_ctrl_phy
2025-03-01 11:41:10,538 [INFO] IPUIPlugin:80 - create IPUIPlugin
2025-03-01 11:41:10,538 [INFO] PluginManager:220 - loadIPPluginJar : add dfsdm
2025-03-01 11:41:10,557 [INFO] IPUIPlugin:80 - create IPUIPlugin
2025-03-01 11:41:10,558 [INFO] PluginManager:220 - loadIPPluginJar : add dma
2025-03-01 11:41:10,622 [INFO] IPUIPlugin:80 - create IPUIPlugin
2025-03-01 11:41:10,622 [INFO] PluginManager:220 - loadIPPluginJar : add dma3
2025-03-01 11:41:10,691 [INFO] IPUIPlugin:80 - create IPUIPlugin
2025-03-01 11:41:10,691 [INFO] PluginManager:220 - loadIPPluginJar : add extmemmanager
2025-03-01 11:41:10,716 [INFO] IPUIPlugin:80 - create IPUIPlugin
2025-03-01 11:41:10,716 [INFO] PluginManager:220 - loadIPPluginJar : add fatfs
2025-03-01 11:41:10,786 [INFO] IPUIPlugin:80 - create IPUIPlugin
2025-03-01 11:41:10,786 [INFO] PluginManager:220 - loadIPPluginJar : add fmc
2025-03-01 11:41:10,803 [INFO] IPUIPlugin:80 - create IPUIPlugin
2025-03-01 11:41:10,803 [INFO] PluginManager:220 - loadIPPluginJar : add freertos
2025-03-01 11:41:10,833 [INFO] IPUIPlugin:80 - create IPUIPlugin
2025-03-01 11:41:10,833 [INFO] PluginManager:220 - loadIPPluginJar : add genericplugin
2025-03-01 11:41:10,964 [INFO] IPUIPlugin:80 - create IPUIPlugin
2025-03-01 11:41:10,964 [INFO] PluginManager:220 - loadIPPluginJar : add gfxmmu
2025-03-01 11:41:11,148 [INFO] IPUIPlugin:80 - create IPUIPlugin
2025-03-01 11:41:11,148 [INFO] PluginManager:220 - loadIPPluginJar : add gic
2025-03-01 11:41:11,168 [INFO] IPUIPlugin:80 - create IPUIPlugin
2025-03-01 11:41:11,168 [INFO] PluginManager:220 - loadIPPluginJar : add gpio
2025-03-01 11:41:11,291 [INFO] IPUIPlugin:80 - create IPUIPlugin
2025-03-01 11:41:11,291 [INFO] PluginManager:220 - loadIPPluginJar : add gtzc
2025-03-01 11:41:11,336 [INFO] IPUIPlugin:80 - create IPUIPlugin
2025-03-01 11:41:11,336 [INFO] PluginManager:220 - loadIPPluginJar : add hash
2025-03-01 11:41:11,407 [INFO] IPUIPlugin:80 - create IPUIPlugin
2025-03-01 11:41:11,407 [INFO] PluginManager:220 - loadIPPluginJar : add i2c
2025-03-01 11:41:11,456 [INFO] IPUIPlugin:80 - create IPUIPlugin
2025-03-01 11:41:11,456 [INFO] PluginManager:220 - loadIPPluginJar : add i2s
2025-03-01 11:41:11,516 [INFO] IPUIPlugin:80 - create IPUIPlugin
2025-03-01 11:41:11,517 [INFO] PluginManager:220 - loadIPPluginJar : add i3c
2025-03-01 11:41:11,650 [INFO] IPUIPlugin:80 - create IPUIPlugin
2025-03-01 11:41:11,651 [INFO] PluginManager:220 - loadIPPluginJar : add ipddr
2025-03-01 11:41:11,772 [INFO] IPUIPlugin:80 - create IPUIPlugin
2025-03-01 11:41:11,772 [INFO] PluginManager:220 - loadIPPluginJar : add linkedlist
2025-03-01 11:41:11,818 [INFO] IPUIPlugin:80 - create IPUIPlugin
2025-03-01 11:41:11,818 [INFO] PluginManager:220 - loadIPPluginJar : add lorawan
2025-03-01 11:41:11,865 [INFO] IPUIPlugin:80 - create IPUIPlugin
2025-03-01 11:41:11,865 [INFO] PluginManager:220 - loadIPPluginJar : add ltdc
2025-03-01 11:41:11,889 [INFO] IPUIPlugin:80 - create IPUIPlugin
2025-03-01 11:41:11,889 [INFO] PluginManager:220 - loadIPPluginJar : add mdma
2025-03-01 11:41:11,904 [INFO] IPUIPlugin:80 - create IPUIPlugin
2025-03-01 11:41:11,904 [INFO] PluginManager:220 - loadIPPluginJar : add nvic
2025-03-01 11:41:11,958 [INFO] IPUIPlugin:80 - create IPUIPlugin
2025-03-01 11:41:11,959 [INFO] PluginManager:220 - loadIPPluginJar : add opamp
2025-03-01 11:41:12,047 [INFO] IPUIPlugin:80 - create IPUIPlugin
2025-03-01 11:41:12,047 [INFO] PluginManager:220 - loadIPPluginJar : add openamp
2025-03-01 11:41:12,106 [INFO] IPUIPlugin:80 - create IPUIPlugin
2025-03-01 11:41:12,106 [INFO] PluginManager:220 - loadIPPluginJar : add pdm2pcm
2025-03-01 11:41:12,127 [INFO] IPUIPlugin:80 - create IPUIPlugin
2025-03-01 11:41:12,129 [INFO] PluginManager:220 - loadIPPluginJar : add plateformsettings
2025-03-01 11:41:12,160 [INFO] IPUIPlugin:80 - create IPUIPlugin
2025-03-01 11:41:12,160 [INFO] PluginManager:220 - loadIPPluginJar : add quadspi
2025-03-01 11:41:12,193 [INFO] IPUIPlugin:80 - create IPUIPlugin
2025-03-01 11:41:12,193 [INFO] PluginManager:220 - loadIPPluginJar : add radio
2025-03-01 11:41:12,214 [INFO] IPUIPlugin:80 - create IPUIPlugin
2025-03-01 11:41:12,214 [INFO] PluginManager:220 - loadIPPluginJar : add resmgrutility
2025-03-01 11:41:12,280 [INFO] IPUIPlugin:80 - create IPUIPlugin
2025-03-01 11:41:12,280 [INFO] PluginManager:220 - loadIPPluginJar : add sai
2025-03-01 11:41:12,330 [INFO] IPUIPlugin:80 - create IPUIPlugin
2025-03-01 11:41:12,330 [INFO] PluginManager:220 - loadIPPluginJar : add spi
2025-03-01 11:41:12,422 [INFO] IPUIPlugin:80 - create IPUIPlugin
2025-03-01 11:41:12,422 [INFO] PluginManager:220 - loadIPPluginJar : add stm32_wpan
2025-03-01 11:41:12,456 [INFO] IPUIPlugin:80 - create IPUIPlugin
2025-03-01 11:41:12,456 [INFO] PluginManager:220 - loadIPPluginJar : add tim
2025-03-01 11:41:12,539 [INFO] IPUIPlugin:80 - create IPUIPlugin
2025-03-01 11:41:12,539 [INFO] PluginManager:220 - loadIPPluginJar : add touchsensing
2025-03-01 11:41:12,571 [INFO] IPUIPlugin:80 - create IPUIPlugin
2025-03-01 11:41:12,571 [INFO] PluginManager:220 - loadIPPluginJar : add tracer_emb
2025-03-01 11:41:12,585 [INFO] ThirdPartyUpdaterWithRetryManager:70 - Updater plugin not ready yet. [2/15]
2025-03-01 11:41:12,603 [INFO] IPUIPlugin:80 - create IPUIPlugin
2025-03-01 11:41:12,603 [INFO] PluginManager:220 - loadIPPluginJar : add ts
2025-03-01 11:41:12,635 [INFO] IPUIPlugin:80 - create IPUIPlugin
2025-03-01 11:41:12,635 [INFO] PluginManager:220 - loadIPPluginJar : add tsc
2025-03-01 11:41:12,663 [INFO] IPUIPlugin:80 - create IPUIPlugin
2025-03-01 11:41:12,663 [INFO] PluginManager:220 - loadIPPluginJar : add ucpd
2025-03-01 11:41:12,729 [INFO] IPUIPlugin:80 - create IPUIPlugin
2025-03-01 11:41:12,729 [INFO] PluginManager:220 - loadIPPluginJar : add usart
2025-03-01 11:41:12,787 [INFO] IPUIPlugin:80 - create IPUIPlugin
2025-03-01 11:41:12,787 [INFO] PluginManager:220 - loadIPPluginJar : add usbx
2025-03-01 11:41:12,939 [FATAL] Updater:351 - Updater called before beeing initialized
2025-03-01 11:41:12,972 [INFO] RulesReader:64 - Compatibility file has been processed (297 Rules)
2025-03-01 11:41:12,983 [INFO] RulesReader:64 - Compatibility file has been processed (297 Rules)
2025-03-01 11:41:12,993 [INFO] CADModel:165 - CPN selected for project level
2025-03-01 11:41:12,993 [INFO] CADModel:114 - Register for checkConnection events
2025-03-01 11:41:12,993 [FATAL] Updater:351 - Updater called before beeing initialized
2025-03-01 11:41:12,993 [ERROR] CADModel:125 - Updater not yet initialized, retry later 
2025-03-01 11:41:13,177 [FATAL] Updater:351 - Updater called before beeing initialized
2025-03-01 11:41:13,179 [INFO] CADModel:165 - CPN selected for project level
2025-03-01 11:41:13,179 [INFO] CADModel:114 - Register for checkConnection events
2025-03-01 11:41:13,179 [FATAL] Updater:351 - Updater called before beeing initialized
2025-03-01 11:41:13,179 [ERROR] CADModel:125 - Updater not yet initialized, retry later 
2025-03-01 11:41:13,182 [FATAL] Updater:351 - Updater called before beeing initialized
2025-03-01 11:41:13,313 [FATAL] Updater:351 - Updater called before beeing initialized
2025-03-01 11:41:13,328 [INFO] DbMcusAds:53 - JSON generation date=Tue Dec 17 17:01:15 CET 2024 (1734451275143)
2025-03-01 11:41:13,329 [FATAL] Updater:351 - Updater called before beeing initialized
2025-03-01 11:41:13,423 [WARN] DetailPanel:346 - Failed to get advertising image, set to default
2025-03-01 11:41:13,734 [FATAL] Updater:351 - Updater called before beeing initialized
2025-03-01 11:41:13,736 [FATAL] Updater:351 - Updater called before beeing initialized
2025-03-01 11:41:13,736 [FATAL] Updater:351 - Updater called before beeing initialized
2025-03-01 11:41:13,736 [WARN] DetailPanel:346 - Failed to get advertising image, set to default
2025-03-01 11:41:13,737 [FATAL] Updater:351 - Updater called before beeing initialized
2025-03-01 11:41:13,817 [ERROR] Updater:1198 - MainUpdater not yet initialized. External WinMGr cannot be set.
2025-03-01 11:41:13,828 [INFO] Updater:1134 - Updater Version found : 6.13.0
2025-03-01 11:41:13,850 [INFO] ApplicationProperties:184 - Using Application install path: G:\ST\STM32CubeIDE_1.17.0\STM32CubeIDE\plugins\com.st.stm32cube.common.mx_6.13.0.202411220809
2025-03-01 11:41:15,456 [ERROR] LogOutputStream:75 - [STDERR_REDIRECT] Mar 01, 2025 11:41:15 AM java.util.prefs.WindowsPreferences <init>
2025-03-01 11:41:15,463 [ERROR] LogOutputStream:75 - [STDERR_REDIRECT] WARNING: Could not open/create prefs root node Software\JavaSoft\Prefs at root 0xffffffff80000002. Windows RegCreateKeyEx(...) returned error code 5.
2025-03-01 11:41:15,463 [ERROR] LogOutputStream:75 - [STDERR_REDIRECT] 
2025-03-01 11:41:15,588 [INFO] ThirdPartyUpdaterWithRetryManager:70 - Updater plugin not ready yet. [3/15]
2025-03-01 11:41:15,808 [INFO] MainUpdater:2872 - connection check result : 10
2025-03-01 11:41:15,809 [INFO] MainUpdater:3566 - Updater definition file requires update
2025-03-01 11:41:15,810 [INFO] MainUpdater:289 - Updater Check For Update Now.
2025-03-01 11:41:15,810 [INFO] MicroXplorer:498 - Change Database Version : DB.6.0.130
2025-03-01 11:41:15,823 [INFO] McuFinderGlobals:63 - Set McuFinder mode to 2 (CubeIDE integrated)
2025-03-01 11:41:15,842 [INFO] UserAuth:486 - Internet connection configuration mode: 1
2025-03-01 11:41:15,847 [INFO] ServerAccessManage:473 - Download File updaters.zip
2025-03-01 11:41:15,886 [INFO] JxBrowserEngine:152 - Initiate JxBrowser Engine with user profile folder
2025-03-01 11:41:15,959 [INFO] FileExtend:240 - Unzip File : updaters.zip
2025-03-01 11:41:15,959 [INFO] FileExtend:255 - Standard Zip Deflate
2025-03-01 11:41:16,707 [INFO] ServerAccessManage:473 - Download File PacksControlFlags.xml
2025-03-01 11:41:16,843 [INFO] ServerAccessManage:473 - Download File cubemx.pidx
2025-03-01 11:41:17,313 [INFO] ServerAccessManage:473 - Download File STMicroelectronics.FP-ATR-ASTRA1.pdsc
2025-03-01 11:41:18,515 [INFO] WebApp:168 - Instantiating new browser for Auth
2025-03-01 11:41:18,593 [WARN] MainUpdater:1193 - Updater busy. Cannot search thirdparties
2025-03-01 11:41:18,603 [INFO] ThirdPartyUpdaterWithRetryManager:96 - Updater plugin is busy. [1/15]
2025-03-01 11:41:19,927 [INFO] WebApp:449 - Apply proxy settings
2025-03-01 11:41:19,927 [INFO] WebApp:534 - Chromium requires no authentication
2025-03-01 11:41:19,943 [INFO] WebApp:477 - Direct internet connection detected
2025-03-01 11:41:20,011 [INFO] WebApp:880 - Register for checkConnection events
2025-03-01 11:41:20,011 [INFO] WebApp:449 - Apply proxy settings
2025-03-01 11:41:20,012 [INFO] WebApp:534 - Chromium requires no authentication
2025-03-01 11:41:20,012 [INFO] WebApp:477 - Direct internet connection detected
2025-03-01 11:41:20,207 [INFO] WebApp:187 - Connection restablished
2025-03-01 11:41:20,478 [INFO] WebApp:221 - Starting web application
2025-03-01 11:41:20,480 [INFO] WebApp:579 - Web application path used G:\ST\STM32CubeIDE_1.17.0\STM32CubeIDE\plugins\com.st.stm32cube.common.mx_6.13.0.202411220809\db\plugins\mcufinder\reactClient1\index.html
2025-03-01 11:41:20,497 [WARN] PackLoader:240 - Cannot read IP mode file for STMicroelectronics.FP-ATR-ASTRA1.2.0.2
2025-03-01 11:41:20,500 [INFO] PopulateThirdPartyThread:66 - Ending populate Thread
2025-03-01 11:41:20,502 [INFO] ThirdParty:1030 - CMSIS Pack Vendor :STMicroelectronics FP-ATR-ASTRA1 2.0.2
2025-03-01 11:41:20,502 [INFO] LoadServerUpdatesThread:375 - End of LoadServerUpdate Thread
2025-03-01 11:41:20,668 [INFO] CheckServerUpdateThread:120 - End of CheckServer Thread
2025-03-01 11:41:20,951 [INFO] UserAuth:486 - Internet connection configuration mode: 1
2025-03-01 11:41:21,865 [WARN] PackLoader:240 - Cannot read IP mode file for STMicroelectronics.FP-SNS-MOTENVWB1.1.4.0
2025-03-01 11:41:21,872 [WARN] PackLoader:240 - Cannot read IP mode file for STMicroelectronics.FP-ATR-ASTRA1.2.0.2
2025-03-01 11:41:21,879 [WARN] PackLoader:240 - Cannot read IP mode file for STMicroelectronics.FP-ATR-ASTRA1.2.0.1
2025-03-01 11:41:21,905 [WARN] PackLoader:240 - Cannot read IP mode file for STMicroelectronics.X-CUBE-SMBUS.2.1.0
2025-03-01 11:41:21,924 [WARN] PackLoader:240 - Cannot read IP mode file for STMicroelectronics.X-CUBE-WB05N.1.1.0
2025-03-01 11:41:21,970 [WARN] PackLoader:240 - Cannot read IP mode file for STMicroelectronics.X-CUBE-AZRTOS-F7.1.1.0
2025-03-01 11:41:21,994 [WARN] PackLoader:240 - Cannot read IP mode file for STMicroelectronics.FP-SNS-FLIGHT1.5.0.2
2025-03-01 11:41:22,047 [WARN] PackLoader:240 - Cannot read IP mode file for Infineon.AIROC-Wi-Fi-Bluetooth-STM32.1.7.0
2025-03-01 11:41:22,079 [WARN] PackLoader:240 - Cannot read IP mode file for STMicroelectronics.X-CUBE-DISPLAY.3.0.0
2025-03-01 11:41:22,108 [WARN] PackLoader:240 - Cannot read IP mode file for STMicroelectronics.X-CUBE-BLE1.7.0.0
2025-03-01 11:41:22,131 [WARN] PackLoader:240 - Cannot read IP mode file for STMicroelectronics.X-CUBE-NFC10.1.0.0
2025-03-01 11:41:22,159 [WARN] PackLoader:240 - Cannot read IP mode file for STMicroelectronics.X-CUBE-BLEMGR.4.0.0
2025-03-01 11:41:22,182 [ERROR] Engine:466 - emotas.I-CUBE-CANOPEN.1.3.0: 
2025-03-01 11:41:22,199 [WARN] PackLoader:240 - Cannot read IP mode file for STMicroelectronics.X-CUBE-AI.10.0.0
2025-03-01 11:41:22,218 [WARN] PackLoader:240 - Cannot read IP mode file for STMicroelectronics.FP-SNS-SMARTAG2.1.2.0
2025-03-01 11:41:22,297 [WARN] PackLoader:240 - Cannot read IP mode file for STMicroelectronics.X-CUBE-MEMS1.11.1.0
2025-03-01 11:41:22,522 [INFO] LogOutputStream:77 - [STDOUT_REDIRECT] 1 : Invalid condition id : UX_CORESTACK_Condition cause : null
2025-03-01 11:41:22,524 [INFO] LogOutputStream:77 - [STDOUT_REDIRECT] 1 : Invalid condition id : UX_CORESTACK_Condition cause : null
2025-03-01 11:41:22,527 [INFO] LogOutputStream:77 - [STDOUT_REDIRECT] 1 : Invalid condition id : UX_CORESTACK_Condition cause : null
2025-03-01 11:41:22,529 [INFO] LogOutputStream:77 - [STDOUT_REDIRECT] 1 : Invalid condition id : UX_CORESTACK_Condition cause : null
2025-03-01 11:41:22,531 [INFO] LogOutputStream:77 - [STDOUT_REDIRECT] 1 : Invalid condition id : UX_CORESTACK_Condition cause : null
2025-03-01 11:41:22,535 [WARN] PackLoader:240 - Cannot read IP mode file for STMicroelectronics.X-CUBE-AZRTOS-WL.2.0.0
2025-03-01 11:41:22,562 [WARN] PackLoader:240 - Cannot read IP mode file for STMicroelectronics.FP-SNS-MOTENV1.5.0.0
2025-03-01 11:41:22,570 [WARN] PackLoader:240 - Cannot read IP mode file for wolfSSL.I-CUBE-wolfMQTT.1.19.0
2025-03-01 11:41:22,595 [WARN] PackLoader:240 - Cannot read IP mode file for WES.I-CUBE-Cesium.1.3.0
2025-03-01 11:41:22,619 [WARN] PackLoader:240 - Cannot read IP mode file for STMicroelectronics.X-CUBE-BLE2.3.3.0
2025-03-01 11:41:22,648 [WARN] PackLoader:240 - Cannot read IP mode file for STMicroelectronics.X-CUBE-NFC9.1.0.0
2025-03-01 11:41:22,707 [WARN] PackLoader:240 - Cannot read IP mode file for STMicroelectronics.X-CUBE-AZRTOS-G0.1.1.0
2025-03-01 11:41:22,738 [WARN] PackLoader:240 - Cannot read IP mode file for STMicroelectronics.X-CUBE-SAFEA1.1.2.2
2025-03-01 11:41:22,769 [WARN] PackLoader:240 - Cannot read IP mode file for STMicroelectronics.X-CUBE-NFC4.3.0.0
2025-03-01 11:41:22,798 [WARN] PackLoader:240 - Cannot read IP mode file for EmbeddedOffice.I-CUBE-FS-RTOS.1.0.1
2025-03-01 11:41:22,830 [WARN] PackLoader:240 - Cannot read IP mode file for STMicroelectronics.X-CUBE-TCPP.4.2.0
2025-03-01 11:41:22,852 [WARN] PackLoader:240 - Cannot read IP mode file for RealThread.X-CUBE-RT-Thread_Nano.4.1.1
2025-03-01 11:41:22,859 [WARN] PackLoader:240 - Cannot read IP mode file for STMicroelectronics.FP-ATR-SIGFOX1.3.2.0
2025-03-01 11:41:22,867 [WARN] ConditionMgr:438 - getConditionDescription Invalid condition id : Cortex-A Device cause : null
2025-03-01 11:41:22,899 [WARN] ConditionMgr:1044 - genDependencies : Invalid condition id : Cortex-A Device cause : null
2025-03-01 11:41:22,899 [WARN] ConditionMgr:1044 - genDependencies : Invalid condition id : Cortex-A Device cause : null
2025-03-01 11:41:22,899 [WARN] ConditionMgr:1044 - genDependencies : Invalid condition id : Cortex-A Device cause : null
2025-03-01 11:41:22,917 [WARN] PackLoader:240 - Cannot read IP mode file for STMicroelectronics.X-CUBE-EEPRMA1.5.1.0
2025-03-01 11:41:22,934 [WARN] PackLoader:240 - Cannot read IP mode file for wolfSSL.I-CUBE-wolfSSL.5.7.6
2025-03-01 11:41:22,959 [WARN] PackLoader:240 - Cannot read IP mode file for ITTIA_DB.I-CUBE-ITTIADB.8.9.0
2025-03-01 11:41:23,002 [WARN] PackLoader:240 - Cannot read IP mode file for SEGGER.I-CUBE-embOS.1.3.1
2025-03-01 11:41:23,063 [WARN] PackLoader:240 - Cannot read IP mode file for STMicroelectronics.X-CUBE-ALGOBUILD.1.4.0
2025-03-01 11:41:23,104 [WARN] PackLoader:240 - Cannot read IP mode file for STMicroelectronics.X-CUBE-AZRTOS-F4.1.1.0
2025-03-01 11:41:23,126 [WARN] PackLoader:240 - Cannot read IP mode file for STMicroelectronics.X-CUBE-ISPU.2.1.0
2025-03-01 11:41:23,174 [WARN] PackLoader:240 - Cannot read IP mode file for STMicroelectronics.X-CUBE-AZRTOS-L5.2.0.0
2025-03-01 11:41:23,204 [WARN] PackLoader:240 - Cannot read IP mode file for STMicroelectronics.X-CUBE-NFC6.3.1.0
2025-03-01 11:41:23,225 [WARN] PackLoader:240 - Cannot read IP mode file for STMicroelectronics.X-CUBE-DPower.1.2.0
2025-03-01 11:41:23,244 [WARN] PackLoader:240 - Cannot read IP mode file for STMicroelectronics.X-CUBE-FREERTOS.1.3.0
2025-03-01 11:41:23,265 [WARN] PackLoader:240 - Cannot read IP mode file for STMicroelectronics.X-CUBE-NFC7.1.0.1
2025-03-01 11:41:23,312 [WARN] ConditionMgr:438 - getConditionDescription Invalid condition id : LAN8742 Phy interface Condition cause : null
2025-03-01 11:41:23,313 [WARN] PackLoader:240 - Cannot read IP mode file for STMicroelectronics.X-CUBE-AZRTOS-L4.2.0.0
2025-03-01 11:41:23,315 [WARN] ConditionMgr:1044 - genDependencies : Invalid condition id : LAN8742 Phy interface Condition cause : null
2025-03-01 11:41:23,315 [WARN] ConditionMgr:1044 - genDependencies : Invalid condition id : LAN8742 Phy interface Condition cause : null
2025-03-01 11:41:23,315 [WARN] ConditionMgr:1044 - genDependencies : Invalid condition id : LAN8742 Phy interface Condition cause : null
2025-03-01 11:41:23,337 [WARN] PackLoader:240 - Cannot read IP mode file for STMicroelectronics.X-CUBE-SFXS2LP1.4.0.0
2025-03-01 11:41:23,395 [WARN] PackLoader:240 - Cannot read IP mode file for STMicroelectronics.X-CUBE-AZRTOS-H7.3.3.0
2025-03-01 11:41:23,442 [WARN] ConditionMgr:438 - getConditionDescription Invalid condition id : UX DEVICE CLASS RTOS Condition cause : null
2025-03-01 11:41:23,442 [WARN] ConditionMgr:438 - getConditionDescription Invalid condition id : UX DEVICE CLASS RTOS Condition cause : null
2025-03-01 11:41:23,446 [WARN] PackLoader:240 - Cannot read IP mode file for STMicroelectronics.X-CUBE-AZRTOS-WB.2.0.0
2025-03-01 11:41:23,447 [WARN] ConditionMgr:1044 - genDependencies : Invalid condition id : UX DEVICE CLASS RTOS Condition cause : null
2025-03-01 11:41:23,447 [WARN] ConditionMgr:1044 - genDependencies : Invalid condition id : UX DEVICE CLASS RTOS Condition cause : null
2025-03-01 11:41:23,448 [WARN] ConditionMgr:1044 - genDependencies : Invalid condition id : UX DEVICE CLASS RTOS Condition cause : null
2025-03-01 11:41:23,448 [WARN] ConditionMgr:1044 - genDependencies : Invalid condition id : UX DEVICE CLASS RTOS Condition cause : null
2025-03-01 11:41:23,448 [WARN] ConditionMgr:1044 - genDependencies : Invalid condition id : UX DEVICE CLASS RTOS Condition cause : null
2025-03-01 11:41:23,478 [WARN] PackLoader:240 - Cannot read IP mode file for STMicroelectronics.X-CUBE-GNSS1.7.0.1
2025-03-01 11:41:23,519 [WARN] PackLoader:240 - Cannot read IP mode file for STMicroelectronics.FP-SNS-STBOX1.2.0.0
2025-03-01 11:41:23,553 [WARN] PackLoader:240 - Cannot read IP mode file for STMicroelectronics.X-CUBE-SUBG2.5.0.0
2025-03-01 11:41:23,568 [WARN] PackLoader:240 - Cannot read IP mode file for Cesanta.I-CUBE-Mongoose.7.13.0
2025-03-01 11:41:23,607 [WARN] PackLoader:240 - Cannot read IP mode file for STMicroelectronics.X-CUBE-AZRTOS-G4.2.0.0
2025-03-01 11:41:23,639 [WARN] PackLoader:240 - Cannot read IP mode file for STMicroelectronics.X-CUBE-IPS.3.1.0
2025-03-01 11:41:23,664 [WARN] PackLoader:240 - Cannot read IP mode file for STMicroelectronics.X-CUBE-ALS.1.0.2
2025-03-01 11:41:23,685 [WARN] PackLoader:240 - Cannot read IP mode file for STMicroelectronics.X-CUBE-TOUCHGFX.4.24.2
2025-03-01 11:41:23,691 [WARN] PackLoader:240 - Cannot read IP mode file for wolfSSL.I-CUBE-wolfTPM.3.4.0
2025-03-01 11:41:23,710 [WARN] PackLoader:240 - Cannot read IP mode file for portGmbH.I-Cube-SoM-uGOAL.1.1.0
2025-03-01 11:41:23,745 [WARN] PackLoader:240 - Cannot read IP mode file for STMicroelectronics.X-CUBE-AZRTOS-H7RS.1.0.0
2025-03-01 11:41:24,978 [WARN] PackLoader:240 - Cannot read IP mode file for STMicroelectronics.X-CUBE-TOF1.3.4.2
2025-03-01 11:41:24,992 [WARN] PackLoader:240 - Cannot read IP mode file for wolfSSL.I-CUBE-wolfSSH.1.4.17
2025-03-01 11:41:24,993 [INFO] ThirdParty:978 - Integrity check success = true
2025-03-01 11:41:24,993 [INFO] IntegrityCheckThread:100 - exiting critical section [integrity check]
2025-03-01 11:41:24,993 [INFO] IntegrityCheckThread:103 - End integrity checks thread
2025-03-01 17:19:59,344 [INFO] WebApp:190 - Connection lost
2025-03-01 17:20:02,651 [INFO] WebApp:187 - Connection restablished
2025-03-01 17:20:02,807 [INFO] WebApp:190 - Connection lost
2025-03-01 17:20:03,058 [INFO] WebApp:187 - Connection restablished
2025-03-01 17:20:05,890 [INFO] WebApp:190 - Connection lost
2025-03-01 17:20:06,027 [INFO] WebApp:187 - Connection restablished
2025-03-01 17:20:09,361 [INFO] WebApp:190 - Connection lost
2025-03-01 17:20:09,480 [INFO] WebApp:187 - Connection restablished
