2025-02-27 02:19:29,179 [ERROR] ConfigurationRetriever:142 - IOException on connection: Read timed out
2025-02-27 02:34:39,178 [INFO] MainUpdater:2872 - connection check result : 10
2025-02-27 02:34:39,291 [INFO] McuFinderGlobals:76 - Set McuFinderConnectedMode to true
2025-02-27 02:34:39,292 [INFO] MultiScanPanel:200 - Auto-refresh data requested => check proxy status ongoing
2025-02-27 02:34:39,292 [INFO] FinderPluginLoader:95 - Searching for filters in installed packs
2025-02-27 02:34:40,384 [INFO] LoadUrlFilesThread:185 - End of LoadServerUrlFiles without Thread
2025-02-27 02:34:40,384 [INFO] DetailPanel:341 - Set advertising image to C:/Users/Karol/STM32Cube/Repository/\en.prom-stm32n6-mcu-finder.png
2025-02-27 02:34:43,794 [INFO] MultiScanPanel:200 - Auto-refresh data requested => check proxy status ongoing
2025-02-27 02:34:43,887 [INFO] LoadUrlFilesThread:185 - End of LoadServerUrlFiles without Thread
2025-02-27 02:34:43,887 [INFO] DetailPanel:341 - Set advertising image to C:/Users/Karol/STM32Cube/Repository/\en.prom-stm32n6-mcu-finder.png
2025-02-27 02:34:58,109 [INFO] MultiScanPanel:200 - Auto-refresh data requested => check proxy status ongoing
2025-02-27 02:34:58,225 [INFO] ApiDb:668 - CubeFinder database Data Model version=2.1
2025-02-27 02:34:58,225 [INFO] ApiDb:669 - CubeFinder database Configuration version=3.0.39
2025-02-27 02:34:58,225 [INFO] ApiDb:670 - CubeFinder database generation date=2025-02-07 (1738919966)
2025-02-27 02:34:58,225 [INFO] ApiDb:671 - CubeFinder database FW Pack versions=[FP-ATR-ASTRA1_V2.0.0, FP-SNS-FLIGHT1_V5.0.2, FP-SNS-MOTENV1_V5.0.0, FP-SNS-MOTENVWB1_V1.4.0, FP-SNS-SMARTAG2_V1.2.0, FP-SNS-STBOX1_V2.0.0, STM32Cube_FW_C0_V1.3.0, STM32Cube_FW_F4_V1.28.1, STM32Cube_FW_F7_V1.17.2, STM32Cube_FW_G0_V1.6.2, STM32Cube_FW_G4_V1.6.1, STM32Cube_FW_H5_V1.4.0, STM32Cube_FW_H7RS_V1.1.0, STM32Cube_FW_H7_V1.12.0, STM32Cube_FW_L0_V1.12.2, STM32Cube_FW_L4_V1.18.1, STM32Cube_FW_L5_V1.5.1, STM32Cube_FW_N6_V1.0.0, STM32Cube_FW_U0_V1.2.0, STM32Cube_FW_U3_V1.0.0, STM32Cube_FW_U5_V1.7.0, STM32Cube_FW_WB0_V1.1.0, STM32Cube_FW_WBA_V1.5.0, STM32Cube_FW_WB_V1.21.0, STM32Cube_FW_WL3_V1.0.0, STM32Cube_FW_WL_V1.3.0, X-CUBE-ALGOBUILD_V1.4.0, X-CUBE-ALS_V1.0.2, X-CUBE-AZRTOS-F4_V1.1.0, X-CUBE-AZRTOS-F7_V1.1.0, X-CUBE-AZRTOS-G0_V1.1.0, X-CUBE-AZRTOS-G4_V2.0.0, X-CUBE-AZRTOS-H7RS_V1.0.0, X-CUBE-AZRTOS-H7_V3.3.0, X-CUBE-AZRTOS-L4_V2.0.0, X-CUBE-AZRTOS-L5_V2.0.0, X-CUBE-AZRTOS-WB_V2.0.0, X-CUBE-AZRTOS-WL_V2.0.0, X-CUBE-BLE1_V7.0.0, X-CUBE-BLE2_V3.3.0, X-CUBE-BLEMGR_V4.0.0, X-CUBE-EEPRMA1_V5.1.0, X-CUBE-FREERTOS_V1.2.0, X-CUBE-GNSS1_V6.0.0, X-CUBE-MEMS1_V11.1.0, X-CUBE-NFC4_V3.0.0, X-CUBE-NFC7_V1.0.1, X-CUBE-SFXS2LP1_V4.0.0, X-CUBE-SUBG2_V5.0.0, X-CUBE-TOF1_V3.4.2]
2025-02-27 02:34:59,235 [ERROR] DbExamplesSqlite:437 - Missing JSON key: board_cpn
2025-02-27 02:34:59,235 [ERROR] DbExamplesSqlite:437 - Missing JSON key: board_cpn
2025-02-27 02:34:59,235 [ERROR] DbExamplesSqlite:437 - Missing JSON key: board_cpn
2025-02-27 02:34:59,235 [ERROR] DbExamplesSqlite:437 - Missing JSON key: board_cpn
2025-02-27 02:34:59,411 [ERROR] DbExamplesSqlite:437 - Missing JSON key: board_cpn
2025-02-27 02:34:59,412 [ERROR] DbExamplesSqlite:437 - Missing JSON key: board_cpn
2025-02-27 02:34:59,412 [ERROR] DbExamplesSqlite:437 - Missing JSON key: board_cpn
2025-02-27 02:34:59,412 [ERROR] DbExamplesSqlite:437 - Missing JSON key: board_cpn
2025-02-27 02:34:59,412 [ERROR] DbExamplesSqlite:437 - Missing JSON key: board_cpn
2025-02-27 02:34:59,413 [ERROR] DbExamplesSqlite:437 - Missing JSON key: board_cpn
2025-02-27 02:34:59,413 [ERROR] DbExamplesSqlite:437 - Missing JSON key: board_cpn
2025-02-27 02:34:59,413 [ERROR] DbExamplesSqlite:437 - Missing JSON key: board_cpn
2025-02-27 02:34:59,413 [ERROR] DbExamplesSqlite:437 - Missing JSON key: board_cpn
2025-02-27 02:34:59,610 [ERROR] DbExamplesSqlite:437 - Missing JSON key: board_cpn
2025-02-27 02:34:59,610 [INFO] DbExamplesSqlite:395 - Ignored 77 examples not supported by CubeIDE
2025-02-27 02:34:59,610 [INFO] DbExamplesSqlite:396 - Found 10475 examples active
2025-02-27 02:34:59,612 [INFO] DbExamplesSqlite:397 - Found 0 examples obsolete
2025-02-27 02:34:59,612 [INFO] DbExamplesSqlite:398 - Found 0 examples under development
2025-02-27 02:34:59,612 [INFO] DbExamplesSqlite:399 - Found 43 examples not building
2025-02-27 02:34:59,614 [INFO] DbExamples:125 - Found 10441 examples
2025-02-27 02:34:59,630 [ERROR] DbExamples:208 - Found 3 examples with invalid data (board or MCU)
2025-02-27 02:34:59,631 [INFO] DbExamples:222 - Found 132 boards with related examples
2025-02-27 02:34:59,632 [INFO] DbExamples:235 - Found 109 MCUs with related examples
2025-02-27 02:34:59,650 [INFO] ApiDb:414 - User favorites file not found: C:\Users\Karol/.stm32cubeide/favorites.examples.txt
2025-02-27 02:34:59,650 [INFO] DbExamples:250 - Set 0 / 0 favorites Examples
2025-02-27 02:35:00,340 [INFO] SoftwarePacks:127 - Download is needed for SW pack 'FP-ATR-ASTRA1_V2.0.0'
2025-02-27 02:35:00,340 [INFO] SoftwarePacks:127 - Download is needed for SW pack 'FP-SNS-FLIGHT1_V5.0.2'
2025-02-27 02:35:00,340 [INFO] SoftwarePacks:127 - Download is needed for SW pack 'FP-SNS-MOTENV1_V5.0.0'
2025-02-27 02:35:00,341 [INFO] SoftwarePacks:127 - Download is needed for SW pack 'FP-SNS-MOTENVWB1_V1.4.0'
2025-02-27 02:35:00,342 [INFO] SoftwarePacks:127 - Download is needed for SW pack 'FP-SNS-SMARTAG2_V1.2.0'
2025-02-27 02:35:00,342 [INFO] SoftwarePacks:127 - Download is needed for SW pack 'FP-SNS-STBOX1_V2.0.0'
2025-02-27 02:35:00,365 [INFO] SoftwarePacks:127 - Download is needed for SW pack 'STM32Cube_FW_C0_V1.3.0'
2025-02-27 02:35:00,371 [INFO] SoftwarePacks:131 - Found SW pack 'STM32Cube_FW_F4_V1.28.1' up-to-date on disk.
2025-02-27 02:35:00,407 [INFO] SoftwarePacks:127 - Download is needed for SW pack 'STM32Cube_FW_F7_V1.17.2'
2025-02-27 02:35:00,418 [INFO] SoftwarePacks:127 - Download is needed for SW pack 'STM32Cube_FW_G0_V1.6.2'
2025-02-27 02:35:00,424 [INFO] SoftwarePacks:127 - Download is needed for SW pack 'STM32Cube_FW_G4_V1.6.1'
2025-02-27 02:35:00,435 [INFO] SoftwarePacks:127 - Download is needed for SW pack 'STM32Cube_FW_H5_V1.4.0'
2025-02-27 02:35:00,444 [INFO] SoftwarePacks:127 - Download is needed for SW pack 'STM32Cube_FW_H7RS_V1.1.0'
2025-02-27 02:35:00,451 [INFO] SoftwarePacks:127 - Download is needed for SW pack 'STM32Cube_FW_H7_V1.12.0'
2025-02-27 02:35:00,457 [INFO] SoftwarePacks:127 - Download is needed for SW pack 'STM32Cube_FW_L0_V1.12.2'
2025-02-27 02:35:00,464 [INFO] SoftwarePacks:127 - Download is needed for SW pack 'STM32Cube_FW_L4_V1.18.1'
2025-02-27 02:35:00,469 [INFO] SoftwarePacks:127 - Download is needed for SW pack 'STM32Cube_FW_L5_V1.5.1'
2025-02-27 02:35:00,477 [INFO] SoftwarePacks:127 - Download is needed for SW pack 'STM32Cube_FW_N6_V1.0.0'
2025-02-27 02:35:00,481 [INFO] SoftwarePacks:127 - Download is needed for SW pack 'STM32Cube_FW_U0_V1.2.0'
2025-02-27 02:35:00,486 [INFO] SoftwarePacks:127 - Download is needed for SW pack 'STM32Cube_FW_U3_V1.0.0'
2025-02-27 02:35:00,491 [INFO] SoftwarePacks:127 - Download is needed for SW pack 'STM32Cube_FW_U5_V1.7.0'
2025-02-27 02:35:00,497 [INFO] SoftwarePacks:127 - Download is needed for SW pack 'STM32Cube_FW_WB0_V1.1.0'
2025-02-27 02:35:00,502 [INFO] SoftwarePacks:127 - Download is needed for SW pack 'STM32Cube_FW_WBA_V1.5.0'
2025-02-27 02:35:00,506 [INFO] SoftwarePacks:127 - Download is needed for SW pack 'STM32Cube_FW_WB_V1.21.0'
2025-02-27 02:35:00,512 [INFO] SoftwarePacks:127 - Download is needed for SW pack 'STM32Cube_FW_WL3_V1.0.0'
2025-02-27 02:35:00,516 [INFO] SoftwarePacks:127 - Download is needed for SW pack 'STM32Cube_FW_WL_V1.3.0'
2025-02-27 02:35:00,517 [INFO] SoftwarePacks:127 - Download is needed for SW pack 'X-CUBE-ALGOBUILD_V1.4.0'
2025-02-27 02:35:00,517 [INFO] SoftwarePacks:127 - Download is needed for SW pack 'X-CUBE-ALS_V1.0.2'
2025-02-27 02:35:00,517 [INFO] SoftwarePacks:127 - Download is needed for SW pack 'X-CUBE-AZRTOS-F4_V1.1.0'
2025-02-27 02:35:00,517 [INFO] SoftwarePacks:127 - Download is needed for SW pack 'X-CUBE-AZRTOS-F7_V1.1.0'
2025-02-27 02:35:00,517 [INFO] SoftwarePacks:127 - Download is needed for SW pack 'X-CUBE-AZRTOS-G0_V1.1.0'
2025-02-27 02:35:00,517 [INFO] SoftwarePacks:127 - Download is needed for SW pack 'X-CUBE-AZRTOS-G4_V2.0.0'
2025-02-27 02:35:00,518 [INFO] SoftwarePacks:127 - Download is needed for SW pack 'X-CUBE-AZRTOS-H7RS_V1.0.0'
2025-02-27 02:35:00,518 [INFO] SoftwarePacks:127 - Download is needed for SW pack 'X-CUBE-AZRTOS-H7_V3.3.0'
2025-02-27 02:35:00,518 [INFO] SoftwarePacks:127 - Download is needed for SW pack 'X-CUBE-AZRTOS-L4_V2.0.0'
2025-02-27 02:35:00,518 [INFO] SoftwarePacks:127 - Download is needed for SW pack 'X-CUBE-AZRTOS-L5_V2.0.0'
2025-02-27 02:35:00,518 [INFO] SoftwarePacks:127 - Download is needed for SW pack 'X-CUBE-AZRTOS-WB_V2.0.0'
2025-02-27 02:35:00,518 [INFO] SoftwarePacks:127 - Download is needed for SW pack 'X-CUBE-AZRTOS-WL_V2.0.0'
2025-02-27 02:35:00,518 [INFO] SoftwarePacks:127 - Download is needed for SW pack 'X-CUBE-BLE1_V7.0.0'
2025-02-27 02:35:00,519 [INFO] SoftwarePacks:127 - Download is needed for SW pack 'X-CUBE-BLE2_V3.3.0'
2025-02-27 02:35:00,519 [INFO] SoftwarePacks:127 - Download is needed for SW pack 'X-CUBE-BLEMGR_V4.0.0'
2025-02-27 02:35:00,519 [INFO] SoftwarePacks:127 - Download is needed for SW pack 'X-CUBE-EEPRMA1_V5.1.0'
2025-02-27 02:35:00,519 [INFO] SoftwarePacks:127 - Download is needed for SW pack 'X-CUBE-FREERTOS_V1.2.0'
2025-02-27 02:35:00,519 [INFO] SoftwarePacks:127 - Download is needed for SW pack 'X-CUBE-GNSS1_V6.0.0'
2025-02-27 02:35:00,520 [INFO] SoftwarePacks:127 - Download is needed for SW pack 'X-CUBE-MEMS1_V11.1.0'
2025-02-27 02:35:00,520 [INFO] SoftwarePacks:127 - Download is needed for SW pack 'X-CUBE-NFC4_V3.0.0'
2025-02-27 02:35:00,520 [INFO] SoftwarePacks:127 - Download is needed for SW pack 'X-CUBE-NFC7_V1.0.1'
2025-02-27 02:35:00,520 [INFO] SoftwarePacks:127 - Download is needed for SW pack 'X-CUBE-SFXS2LP1_V4.0.0'
2025-02-27 02:35:00,520 [INFO] SoftwarePacks:127 - Download is needed for SW pack 'X-CUBE-SUBG2_V5.0.0'
2025-02-27 02:35:00,520 [INFO] SoftwarePacks:127 - Download is needed for SW pack 'X-CUBE-TOF1_V3.4.2'
2025-02-27 02:35:02,698 [INFO] LoadUrlFilesThread:185 - End of LoadServerUrlFiles without Thread
2025-02-27 02:35:02,699 [INFO] DetailPanel:341 - Set advertising image to C:/Users/Karol/STM32Cube/Repository/\en.prom-stm32n6-mcu-finder.png
2025-02-27 02:35:04,130 [ERROR] AppliInfo:139 - Unknown STM32CubeMX version: 6.12.1
2025-02-27 02:35:04,398 [ERROR] AppliInfo:139 - Unknown STM32CubeMX version: 6.12.1
2025-02-27 02:35:04,398 [ERROR] AppliInfo:139 - Unknown STM32CubeMX version: 6.12.1
2025-02-27 02:35:04,398 [ERROR] AppliInfo:139 - Unknown STM32CubeMX version: 6.12.1
2025-02-27 02:35:04,399 [ERROR] AppliInfo:139 - Unknown STM32CubeMX version: 6.12.1
2025-02-27 02:35:04,399 [ERROR] AppliInfo:139 - Unknown STM32CubeMX version: 6.12.1
2025-02-27 02:35:04,399 [ERROR] AppliInfo:139 - Unknown STM32CubeMX version: 6.12.1
2025-02-27 02:35:04,399 [ERROR] AppliInfo:139 - Unknown STM32CubeMX version: 6.12.1
2025-02-27 02:35:04,400 [ERROR] AppliInfo:139 - Unknown STM32CubeMX version: 6.12.1
2025-02-27 02:35:04,400 [ERROR] AppliInfo:139 - Unknown STM32CubeMX version: 6.12.1
2025-02-27 02:35:04,400 [ERROR] AppliInfo:139 - Unknown STM32CubeMX version: 6.12.1
2025-02-27 02:35:04,400 [ERROR] AppliInfo:139 - Unknown STM32CubeMX version: 6.12.1
2025-02-27 02:35:04,400 [ERROR] AppliInfo:139 - Unknown STM32CubeMX version: 6.12.1
2025-02-27 02:35:04,401 [ERROR] AppliInfo:139 - Unknown STM32CubeMX version: 6.12.1
2025-02-27 02:35:04,401 [ERROR] AppliInfo:139 - Unknown STM32CubeMX version: 6.12.1
2025-02-27 02:35:04,402 [ERROR] AppliInfo:139 - Unknown STM32CubeMX version: 6.12.1
2025-02-27 02:35:04,402 [ERROR] AppliInfo:139 - Unknown STM32CubeMX version: 6.12.1
2025-02-27 02:35:04,402 [ERROR] AppliInfo:139 - Unknown STM32CubeMX version: 6.12.1
2025-02-27 02:35:04,403 [ERROR] AppliInfo:139 - Unknown STM32CubeMX version: 6.12.1
2025-02-27 02:35:04,403 [ERROR] AppliInfo:139 - Unknown STM32CubeMX version: 6.12.1
2025-02-27 02:35:04,403 [ERROR] AppliInfo:139 - Unknown STM32CubeMX version: 6.12.1
2025-02-27 02:35:04,404 [ERROR] AppliInfo:139 - Unknown STM32CubeMX version: 6.12.1
2025-02-27 02:35:04,404 [ERROR] AppliInfo:139 - Unknown STM32CubeMX version: 6.12.1
2025-02-27 02:35:04,404 [ERROR] AppliInfo:139 - Unknown STM32CubeMX version: 6.12.1
2025-02-27 02:35:04,404 [ERROR] AppliInfo:139 - Unknown STM32CubeMX version: 6.12.1
2025-02-27 02:35:04,405 [ERROR] AppliInfo:139 - Unknown STM32CubeMX version: 6.12.1
2025-02-27 02:35:04,405 [ERROR] AppliInfo:139 - Unknown STM32CubeMX version: 6.12.1
2025-02-27 02:35:04,405 [ERROR] AppliInfo:139 - Unknown STM32CubeMX version: 6.12.1
2025-02-27 02:35:04,405 [ERROR] AppliInfo:139 - Unknown STM32CubeMX version: 6.12.1
2025-02-27 02:35:04,406 [ERROR] AppliInfo:139 - Unknown STM32CubeMX version: 6.12.1
2025-02-27 02:35:04,406 [ERROR] AppliInfo:139 - Unknown STM32CubeMX version: 6.12.1
2025-02-27 02:35:04,406 [ERROR] AppliInfo:139 - Unknown STM32CubeMX version: 6.12.1
2025-02-27 02:35:04,406 [ERROR] AppliInfo:139 - Unknown STM32CubeMX version: 6.12.1
2025-02-27 02:35:04,407 [ERROR] AppliInfo:139 - Unknown STM32CubeMX version: 6.12.1
2025-02-27 02:35:04,407 [ERROR] AppliInfo:139 - Unknown STM32CubeMX version: 6.12.1
2025-02-27 02:35:04,407 [ERROR] AppliInfo:139 - Unknown STM32CubeMX version: 6.12.1
2025-02-27 02:35:04,407 [ERROR] AppliInfo:139 - Unknown STM32CubeMX version: 6.12.1
2025-02-27 02:35:04,408 [ERROR] AppliInfo:139 - Unknown STM32CubeMX version: 6.12.1
2025-02-27 02:35:04,408 [ERROR] AppliInfo:139 - Unknown STM32CubeMX version: 6.12.1
2025-02-27 02:35:04,408 [ERROR] AppliInfo:139 - Unknown STM32CubeMX version: 6.12.1
2025-02-27 02:35:04,409 [ERROR] AppliInfo:139 - Unknown STM32CubeMX version: 6.12.1
2025-02-27 02:35:04,409 [ERROR] AppliInfo:139 - Unknown STM32CubeMX version: 6.12.1
2025-02-27 02:35:04,410 [ERROR] AppliInfo:139 - Unknown STM32CubeMX version: 6.12.1
2025-02-27 02:35:04,410 [ERROR] AppliInfo:139 - Unknown STM32CubeMX version: 6.12.1
2025-02-27 02:35:04,410 [ERROR] AppliInfo:139 - Unknown STM32CubeMX version: 6.12.1
2025-02-27 02:35:04,410 [ERROR] AppliInfo:139 - Unknown STM32CubeMX version: 6.12.1
2025-02-27 02:35:04,410 [ERROR] AppliInfo:139 - Unknown STM32CubeMX version: 6.12.1
2025-02-27 02:35:04,411 [ERROR] AppliInfo:139 - Unknown STM32CubeMX version: 6.12.1
2025-02-27 02:35:04,411 [ERROR] AppliInfo:139 - Unknown STM32CubeMX version: 6.12.1
2025-02-27 02:35:04,411 [ERROR] AppliInfo:139 - Unknown STM32CubeMX version: 6.12.1
2025-02-27 02:35:04,411 [ERROR] AppliInfo:139 - Unknown STM32CubeMX version: 6.12.1
2025-02-27 02:35:04,412 [ERROR] AppliInfo:139 - Unknown STM32CubeMX version: 6.12.1
2025-02-27 02:35:04,412 [ERROR] AppliInfo:139 - Unknown STM32CubeMX version: 6.12.1
2025-02-27 02:35:04,412 [ERROR] AppliInfo:139 - Unknown STM32CubeMX version: 6.12.1
2025-02-27 02:35:04,413 [ERROR] AppliInfo:139 - Unknown STM32CubeMX version: 6.12.1
2025-02-27 02:35:04,413 [ERROR] AppliInfo:139 - Unknown STM32CubeMX version: 6.12.1
2025-02-27 02:35:04,413 [ERROR] AppliInfo:139 - Unknown STM32CubeMX version: 6.12.1
2025-02-27 02:35:04,414 [ERROR] AppliInfo:139 - Unknown STM32CubeMX version: 6.12.1
2025-02-27 02:35:04,414 [ERROR] AppliInfo:139 - Unknown STM32CubeMX version: 6.12.1
2025-02-27 02:35:04,414 [ERROR] AppliInfo:139 - Unknown STM32CubeMX version: 6.12.1
2025-02-27 02:35:04,415 [ERROR] AppliInfo:139 - Unknown STM32CubeMX version: 6.12.1
2025-02-27 02:35:04,415 [ERROR] AppliInfo:139 - Unknown STM32CubeMX version: 6.12.1
2025-02-27 02:35:04,415 [ERROR] AppliInfo:139 - Unknown STM32CubeMX version: 6.12.1
2025-02-27 02:35:04,416 [ERROR] AppliInfo:139 - Unknown STM32CubeMX version: 6.12.1
2025-02-27 02:35:04,416 [ERROR] AppliInfo:139 - Unknown STM32CubeMX version: 6.12.1
2025-02-27 02:35:04,416 [ERROR] AppliInfo:139 - Unknown STM32CubeMX version: 6.12.1
2025-02-27 02:35:04,417 [ERROR] AppliInfo:139 - Unknown STM32CubeMX version: 6.12.1
2025-02-27 02:35:04,417 [ERROR] AppliInfo:139 - Unknown STM32CubeMX version: 6.12.1
2025-02-27 02:35:04,417 [ERROR] AppliInfo:139 - Unknown STM32CubeMX version: 6.12.1
2025-02-27 02:35:04,418 [ERROR] AppliInfo:139 - Unknown STM32CubeMX version: 6.12.1
2025-02-27 02:35:04,418 [ERROR] AppliInfo:139 - Unknown STM32CubeMX version: 6.12.1
2025-02-27 02:35:04,418 [ERROR] AppliInfo:139 - Unknown STM32CubeMX version: 6.12.1
2025-02-27 02:35:04,418 [ERROR] AppliInfo:139 - Unknown STM32CubeMX version: 6.12.1
2025-02-27 02:35:04,419 [ERROR] AppliInfo:139 - Unknown STM32CubeMX version: 6.12.1
2025-02-27 02:35:04,419 [ERROR] AppliInfo:139 - Unknown STM32CubeMX version: 6.12.1
2025-02-27 02:35:04,419 [ERROR] AppliInfo:139 - Unknown STM32CubeMX version: 6.12.1
2025-02-27 02:35:04,420 [ERROR] AppliInfo:139 - Unknown STM32CubeMX version: 6.12.1
2025-02-27 02:35:04,420 [ERROR] AppliInfo:139 - Unknown STM32CubeMX version: 6.12.1
2025-02-27 02:35:04,420 [ERROR] AppliInfo:139 - Unknown STM32CubeMX version: 6.12.1
2025-02-27 02:35:04,421 [ERROR] AppliInfo:139 - Unknown STM32CubeMX version: 6.12.1
2025-02-27 02:35:04,421 [ERROR] AppliInfo:139 - Unknown STM32CubeMX version: 6.12.1
2025-02-27 02:35:04,421 [ERROR] AppliInfo:139 - Unknown STM32CubeMX version: 6.12.1
2025-02-27 02:35:04,422 [ERROR] AppliInfo:139 - Unknown STM32CubeMX version: 6.12.1
2025-02-27 02:35:04,422 [ERROR] AppliInfo:139 - Unknown STM32CubeMX version: 6.12.1
2025-02-27 02:35:04,422 [ERROR] AppliInfo:139 - Unknown STM32CubeMX version: 6.12.1
2025-02-27 02:35:04,423 [ERROR] AppliInfo:139 - Unknown STM32CubeMX version: 6.12.1
2025-02-27 02:35:04,423 [ERROR] AppliInfo:139 - Unknown STM32CubeMX version: 6.12.1
2025-02-27 02:35:04,423 [ERROR] AppliInfo:139 - Unknown STM32CubeMX version: 6.12.1
2025-02-27 02:35:04,424 [ERROR] AppliInfo:139 - Unknown STM32CubeMX version: 6.12.1
2025-02-27 02:35:04,424 [ERROR] AppliInfo:139 - Unknown STM32CubeMX version: 6.12.1
2025-02-27 02:35:04,425 [ERROR] AppliInfo:139 - Unknown STM32CubeMX version: 6.12.1
2025-02-27 02:35:04,426 [ERROR] AppliInfo:139 - Unknown STM32CubeMX version: 6.12.1
2025-02-27 02:35:04,426 [ERROR] AppliInfo:139 - Unknown STM32CubeMX version: 6.12.1
2025-02-27 02:35:04,426 [ERROR] AppliInfo:139 - Unknown STM32CubeMX version: 6.12.1
2025-02-27 02:35:04,427 [ERROR] AppliInfo:139 - Unknown STM32CubeMX version: 6.12.1
2025-02-27 02:35:04,427 [ERROR] AppliInfo:139 - Unknown STM32CubeMX version: 6.12.1
2025-02-27 02:35:04,427 [ERROR] AppliInfo:139 - Unknown STM32CubeMX version: 6.12.1
2025-02-27 02:35:04,428 [ERROR] AppliInfo:139 - Unknown STM32CubeMX version: 6.12.1
2025-02-27 02:35:04,428 [ERROR] AppliInfo:139 - Unknown STM32CubeMX version: 6.12.1
2025-02-27 02:35:04,428 [ERROR] AppliInfo:139 - Unknown STM32CubeMX version: 6.12.1
2025-02-27 02:35:04,429 [ERROR] AppliInfo:139 - Unknown STM32CubeMX version: 6.12.1
2025-02-27 02:35:04,444 [ERROR] AppliInfo:139 - Unknown STM32CubeMX version: 6.12.1
2025-02-27 02:35:04,444 [ERROR] AppliInfo:139 - Unknown STM32CubeMX version: 6.12.1
2025-02-27 02:35:04,445 [ERROR] AppliInfo:139 - Unknown STM32CubeMX version: 6.12.1
2025-02-27 02:35:04,445 [ERROR] AppliInfo:139 - Unknown STM32CubeMX version: 6.12.1
2025-02-27 02:35:04,445 [ERROR] AppliInfo:139 - Unknown STM32CubeMX version: 6.12.1
2025-02-27 02:35:04,445 [ERROR] AppliInfo:139 - Unknown STM32CubeMX version: 6.12.1
2025-02-27 02:35:04,446 [ERROR] AppliInfo:139 - Unknown STM32CubeMX version: 6.12.1
2025-02-27 02:35:04,446 [ERROR] AppliInfo:139 - Unknown STM32CubeMX version: 6.12.1
2025-02-27 02:35:04,446 [ERROR] AppliInfo:139 - Unknown STM32CubeMX version: 6.12.1
2025-02-27 02:35:04,447 [ERROR] AppliInfo:139 - Unknown STM32CubeMX version: 6.12.1
2025-02-27 02:35:04,447 [ERROR] AppliInfo:139 - Unknown STM32CubeMX version: 6.12.1
2025-02-27 02:35:04,447 [ERROR] AppliInfo:139 - Unknown STM32CubeMX version: 6.12.1
2025-02-27 02:35:04,449 [ERROR] AppliInfo:139 - Unknown STM32CubeMX version: 6.12.1
2025-02-27 02:35:04,449 [ERROR] AppliInfo:139 - Unknown STM32CubeMX version: 6.12.1
2025-02-27 02:35:04,449 [ERROR] AppliInfo:139 - Unknown STM32CubeMX version: 6.12.1
2025-02-27 02:35:04,449 [ERROR] AppliInfo:139 - Unknown STM32CubeMX version: 6.12.1
2025-02-27 02:35:04,450 [ERROR] AppliInfo:139 - Unknown STM32CubeMX version: 6.12.1
2025-02-27 02:35:04,450 [ERROR] AppliInfo:139 - Unknown STM32CubeMX version: 6.12.1
2025-02-27 02:35:04,451 [ERROR] AppliInfo:139 - Unknown STM32CubeMX version: 6.12.1
2025-02-27 02:35:04,452 [ERROR] AppliInfo:139 - Unknown STM32CubeMX version: 6.12.1
2025-02-27 02:35:04,453 [ERROR] AppliInfo:139 - Unknown STM32CubeMX version: 6.12.1
2025-02-27 02:35:04,453 [ERROR] AppliInfo:139 - Unknown STM32CubeMX version: 6.12.1
2025-02-27 02:35:04,453 [ERROR] AppliInfo:139 - Unknown STM32CubeMX version: 6.12.1
2025-02-27 02:35:04,454 [ERROR] AppliInfo:139 - Unknown STM32CubeMX version: 6.12.1
2025-02-27 02:35:04,454 [ERROR] AppliInfo:139 - Unknown STM32CubeMX version: 6.12.1
2025-02-27 02:35:04,454 [ERROR] AppliInfo:139 - Unknown STM32CubeMX version: 6.12.1
2025-02-27 02:35:04,455 [ERROR] AppliInfo:139 - Unknown STM32CubeMX version: 6.12.1
2025-02-27 02:35:04,455 [ERROR] AppliInfo:139 - Unknown STM32CubeMX version: 6.12.1
2025-02-27 02:35:04,455 [ERROR] AppliInfo:139 - Unknown STM32CubeMX version: 6.12.1
2025-02-27 02:35:04,456 [ERROR] AppliInfo:139 - Unknown STM32CubeMX version: 6.12.1
2025-02-27 02:35:04,456 [ERROR] AppliInfo:139 - Unknown STM32CubeMX version: 6.12.1
2025-02-27 02:35:04,456 [ERROR] AppliInfo:139 - Unknown STM32CubeMX version: 6.12.1
2025-02-27 02:35:04,457 [ERROR] AppliInfo:139 - Unknown STM32CubeMX version: 6.12.1
2025-02-27 02:35:04,457 [ERROR] AppliInfo:139 - Unknown STM32CubeMX version: 6.12.1
2025-02-27 02:35:04,457 [ERROR] AppliInfo:139 - Unknown STM32CubeMX version: 6.12.1
2025-02-27 02:35:04,458 [ERROR] AppliInfo:139 - Unknown STM32CubeMX version: 6.12.1
2025-02-27 02:35:04,458 [ERROR] AppliInfo:139 - Unknown STM32CubeMX version: 6.12.1
2025-02-27 02:35:04,459 [ERROR] AppliInfo:139 - Unknown STM32CubeMX version: 6.12.1
2025-02-27 02:35:04,460 [ERROR] AppliInfo:139 - Unknown STM32CubeMX version: 6.12.1
2025-02-27 02:35:04,460 [ERROR] AppliInfo:139 - Unknown STM32CubeMX version: 6.12.1
2025-02-27 02:35:04,460 [ERROR] AppliInfo:139 - Unknown STM32CubeMX version: 6.12.1
2025-02-27 02:35:04,461 [ERROR] AppliInfo:139 - Unknown STM32CubeMX version: 6.12.1
2025-02-27 02:35:04,461 [ERROR] AppliInfo:139 - Unknown STM32CubeMX version: 6.12.1
2025-02-27 02:35:04,462 [ERROR] AppliInfo:139 - Unknown STM32CubeMX version: 6.12.1
2025-02-27 02:35:04,462 [ERROR] AppliInfo:139 - Unknown STM32CubeMX version: 6.12.1
2025-02-27 02:35:04,462 [ERROR] AppliInfo:139 - Unknown STM32CubeMX version: 6.12.1
2025-02-27 02:35:04,462 [ERROR] AppliInfo:139 - Unknown STM32CubeMX version: 6.12.1
2025-02-27 02:35:04,463 [ERROR] AppliInfo:139 - Unknown STM32CubeMX version: 6.12.1
2025-02-27 02:35:04,463 [ERROR] AppliInfo:139 - Unknown STM32CubeMX version: 6.12.1
2025-02-27 02:35:04,463 [ERROR] AppliInfo:139 - Unknown STM32CubeMX version: 6.12.1
2025-02-27 02:35:04,464 [ERROR] AppliInfo:139 - Unknown STM32CubeMX version: 6.12.1
2025-02-27 02:35:04,464 [ERROR] AppliInfo:139 - Unknown STM32CubeMX version: 6.12.1
2025-02-27 02:35:04,464 [ERROR] AppliInfo:139 - Unknown STM32CubeMX version: 6.12.1
2025-02-27 02:35:04,465 [ERROR] AppliInfo:139 - Unknown STM32CubeMX version: 6.12.1
2025-02-27 02:35:04,465 [ERROR] AppliInfo:139 - Unknown STM32CubeMX version: 6.12.1
2025-02-27 02:35:04,465 [ERROR] AppliInfo:139 - Unknown STM32CubeMX version: 6.12.1
2025-02-27 02:35:04,465 [ERROR] AppliInfo:139 - Unknown STM32CubeMX version: 6.12.1
2025-02-27 02:35:04,466 [ERROR] AppliInfo:139 - Unknown STM32CubeMX version: 6.12.1
2025-02-27 02:35:04,466 [ERROR] AppliInfo:139 - Unknown STM32CubeMX version: 6.12.1
2025-02-27 02:35:04,466 [ERROR] AppliInfo:139 - Unknown STM32CubeMX version: 6.12.1
2025-02-27 02:35:04,467 [ERROR] AppliInfo:139 - Unknown STM32CubeMX version: 6.12.1
2025-02-27 02:35:04,467 [ERROR] AppliInfo:139 - Unknown STM32CubeMX version: 6.12.1
2025-02-27 02:35:04,467 [ERROR] AppliInfo:139 - Unknown STM32CubeMX version: 6.12.1
2025-02-27 02:35:04,467 [ERROR] AppliInfo:139 - Unknown STM32CubeMX version: 6.12.1
2025-02-27 02:35:04,468 [ERROR] AppliInfo:139 - Unknown STM32CubeMX version: 6.12.1
2025-02-27 02:35:04,468 [ERROR] AppliInfo:139 - Unknown STM32CubeMX version: 6.12.1
2025-02-27 02:35:04,468 [ERROR] AppliInfo:139 - Unknown STM32CubeMX version: 6.12.1
2025-02-27 02:35:04,493 [ERROR] AppliInfo:139 - Unknown STM32CubeMX version: 6.12.1
2025-02-27 02:35:04,493 [ERROR] AppliInfo:139 - Unknown STM32CubeMX version: 6.12.1
2025-02-27 02:35:04,493 [ERROR] AppliInfo:139 - Unknown STM32CubeMX version: 6.12.1
2025-02-27 02:35:04,494 [ERROR] AppliInfo:139 - Unknown STM32CubeMX version: 6.12.1
2025-02-27 02:35:04,494 [ERROR] AppliInfo:139 - Unknown STM32CubeMX version: 6.12.1
2025-02-27 02:35:04,494 [ERROR] AppliInfo:139 - Unknown STM32CubeMX version: 6.12.1
2025-02-27 02:35:04,494 [ERROR] AppliInfo:139 - Unknown STM32CubeMX version: 6.12.1
2025-02-27 02:35:04,494 [ERROR] AppliInfo:139 - Unknown STM32CubeMX version: 6.12.1
2025-02-27 02:35:04,495 [ERROR] AppliInfo:139 - Unknown STM32CubeMX version: 6.12.1
2025-02-27 02:35:04,495 [ERROR] AppliInfo:139 - Unknown STM32CubeMX version: 6.12.1
2025-02-27 02:35:04,495 [ERROR] AppliInfo:139 - Unknown STM32CubeMX version: 6.12.1
2025-02-27 02:35:04,495 [ERROR] AppliInfo:139 - Unknown STM32CubeMX version: 6.12.1
2025-02-27 02:35:04,495 [ERROR] AppliInfo:139 - Unknown STM32CubeMX version: 6.12.1
2025-02-27 02:35:04,495 [ERROR] AppliInfo:139 - Unknown STM32CubeMX version: 6.12.1
2025-02-27 02:35:04,495 [ERROR] AppliInfo:139 - Unknown STM32CubeMX version: 6.12.1
2025-02-27 02:35:04,496 [ERROR] AppliInfo:139 - Unknown STM32CubeMX version: 6.12.1
2025-02-27 02:35:04,496 [ERROR] AppliInfo:139 - Unknown STM32CubeMX version: 6.12.1
2025-02-27 02:35:04,496 [ERROR] AppliInfo:139 - Unknown STM32CubeMX version: 6.12.1
2025-02-27 02:35:04,496 [ERROR] AppliInfo:139 - Unknown STM32CubeMX version: 6.12.1
2025-02-27 02:35:04,496 [ERROR] AppliInfo:139 - Unknown STM32CubeMX version: 6.12.1
2025-02-27 02:35:04,496 [ERROR] AppliInfo:139 - Unknown STM32CubeMX version: 6.12.1
2025-02-27 02:35:04,497 [ERROR] AppliInfo:139 - Unknown STM32CubeMX version: 6.12.1
2025-02-27 02:35:04,497 [ERROR] AppliInfo:139 - Unknown STM32CubeMX version: 6.12.1
2025-02-27 02:35:04,497 [ERROR] AppliInfo:139 - Unknown STM32CubeMX version: 6.12.1
2025-02-27 02:35:04,497 [ERROR] AppliInfo:139 - Unknown STM32CubeMX version: 6.12.1
2025-02-27 02:35:04,497 [ERROR] AppliInfo:139 - Unknown STM32CubeMX version: 6.12.1
2025-02-27 02:35:04,498 [ERROR] AppliInfo:139 - Unknown STM32CubeMX version: 6.12.1
2025-02-27 02:35:04,498 [ERROR] AppliInfo:139 - Unknown STM32CubeMX version: 6.12.1
2025-02-27 02:35:04,498 [ERROR] AppliInfo:139 - Unknown STM32CubeMX version: 6.12.1
2025-02-27 02:35:04,498 [ERROR] AppliInfo:139 - Unknown STM32CubeMX version: 6.12.1
2025-02-27 02:35:04,498 [ERROR] AppliInfo:139 - Unknown STM32CubeMX version: 6.12.1
2025-02-27 02:35:04,498 [ERROR] AppliInfo:139 - Unknown STM32CubeMX version: 6.12.1
2025-02-27 02:35:04,498 [ERROR] AppliInfo:139 - Unknown STM32CubeMX version: 6.12.1
2025-02-27 02:35:04,499 [ERROR] AppliInfo:139 - Unknown STM32CubeMX version: 6.12.1
2025-02-27 02:35:04,499 [ERROR] AppliInfo:139 - Unknown STM32CubeMX version: 6.12.1
2025-02-27 02:35:04,499 [ERROR] AppliInfo:139 - Unknown STM32CubeMX version: 6.12.1
2025-02-27 02:35:04,499 [ERROR] AppliInfo:139 - Unknown STM32CubeMX version: 6.12.1
2025-02-27 02:35:04,499 [ERROR] AppliInfo:139 - Unknown STM32CubeMX version: 6.12.1
2025-02-27 02:35:04,499 [ERROR] AppliInfo:139 - Unknown STM32CubeMX version: 6.12.1
2025-02-27 02:35:04,500 [ERROR] AppliInfo:139 - Unknown STM32CubeMX version: 6.12.1
2025-02-27 02:35:04,500 [ERROR] AppliInfo:139 - Unknown STM32CubeMX version: 6.12.1
2025-02-27 02:35:04,500 [ERROR] AppliInfo:139 - Unknown STM32CubeMX version: 6.12.1
2025-02-27 02:35:04,500 [ERROR] AppliInfo:139 - Unknown STM32CubeMX version: 6.12.1
2025-02-27 02:35:04,500 [ERROR] AppliInfo:139 - Unknown STM32CubeMX version: 6.12.1
2025-02-27 02:35:04,500 [ERROR] AppliInfo:139 - Unknown STM32CubeMX version: 6.12.1
2025-02-27 02:35:04,501 [ERROR] AppliInfo:139 - Unknown STM32CubeMX version: 6.12.1
2025-02-27 02:35:04,501 [ERROR] AppliInfo:139 - Unknown STM32CubeMX version: 6.12.1
2025-02-27 02:35:04,501 [ERROR] AppliInfo:139 - Unknown STM32CubeMX version: 6.12.1
2025-02-27 02:35:04,502 [ERROR] AppliInfo:139 - Unknown STM32CubeMX version: 6.12.1
2025-02-27 02:35:04,502 [ERROR] AppliInfo:139 - Unknown STM32CubeMX version: 6.12.1
2025-02-27 02:35:04,502 [ERROR] AppliInfo:139 - Unknown STM32CubeMX version: 6.12.1
2025-02-27 02:35:04,503 [ERROR] AppliInfo:139 - Unknown STM32CubeMX version: 6.12.1
2025-02-27 02:35:04,503 [ERROR] AppliInfo:139 - Unknown STM32CubeMX version: 6.12.1
2025-02-27 02:35:06,211 [ERROR] LogOutputStream:75 - [STDERR_REDIRECT] Exception in thread "AWT-EventQueue-0" java.lang.NullPointerException: Cannot invoke "com.st.stm32cube.common.mx.targetselector.IdeMcuFinder.cleanUp(boolean)" because "this.this$0.mcuFinder" is null
2025-02-27 02:35:06,214 [ERROR] LogOutputStream:75 - [STDERR_REDIRECT] 	at com.st.stm32cube.common.mx.targetselector.TargetSelectorAdapter$7.run(TargetSelectorAdapter.java:353)
2025-02-27 02:35:06,215 [ERROR] LogOutputStream:75 - [STDERR_REDIRECT] 	at com.st.stm32cube.common.mx.oss.core.awtswtbridge.AwtEnvironment$2.run(AwtEnvironment.java:166)
2025-02-27 02:35:06,217 [ERROR] LogOutputStream:75 - [STDERR_REDIRECT] 	at java.desktop/java.awt.event.InvocationEvent.dispatch(InvocationEvent.java:318)
2025-02-27 02:35:06,218 [ERROR] LogOutputStream:75 - [STDERR_REDIRECT] 	at java.desktop/java.awt.EventQueue.dispatchEventImpl(EventQueue.java:773)
2025-02-27 02:35:06,219 [ERROR] LogOutputStream:75 - [STDERR_REDIRECT] 	at java.desktop/java.awt.EventQueue$4.run(EventQueue.java:720)
2025-02-27 02:35:06,220 [ERROR] LogOutputStream:75 - [STDERR_REDIRECT] 	at java.desktop/java.awt.EventQueue$4.run(EventQueue.java:714)
2025-02-27 02:35:06,221 [ERROR] LogOutputStream:75 - [STDERR_REDIRECT] 	at java.base/java.security.AccessController.doPrivileged(AccessController.java:400)
2025-02-27 02:35:06,223 [ERROR] LogOutputStream:75 - [STDERR_REDIRECT] 	at java.base/java.security.ProtectionDomain$JavaSecurityAccessImpl.doIntersectionPrivilege(ProtectionDomain.java:87)
2025-02-27 02:35:06,225 [ERROR] LogOutputStream:75 - [STDERR_REDIRECT] 	at java.desktop/java.awt.EventQueue.dispatchEvent(EventQueue.java:742)
2025-02-27 02:35:06,227 [ERROR] LogOutputStream:75 - [STDERR_REDIRECT] 	at java.desktop/java.awt.EventDispatchThread.pumpOneEventForFilters(EventDispatchThread.java:203)
2025-02-27 02:35:06,229 [ERROR] LogOutputStream:75 - [STDERR_REDIRECT] 	at java.desktop/java.awt.EventDispatchThread.pumpEventsForFilter(EventDispatchThread.java:124)
2025-02-27 02:35:06,231 [ERROR] LogOutputStream:75 - [STDERR_REDIRECT] 	at java.desktop/java.awt.EventDispatchThread.pumpEventsForHierarchy(EventDispatchThread.java:113)
2025-02-27 02:35:06,233 [ERROR] LogOutputStream:75 - [STDERR_REDIRECT] 	at java.desktop/java.awt.EventDispatchThread.pumpEvents(EventDispatchThread.java:109)
2025-02-27 02:35:06,234 [ERROR] LogOutputStream:75 - [STDERR_REDIRECT] 	at java.desktop/java.awt.EventDispatchThread.pumpEvents(EventDispatchThread.java:101)
2025-02-27 02:35:06,237 [ERROR] LogOutputStream:75 - [STDERR_REDIRECT] 	at java.desktop/java.awt.EventDispatchThread.run(EventDispatchThread.java:90)
2025-02-27 02:35:06,245 [ERROR] LogOutputStream:75 - [STDERR_REDIRECT] Exception in thread "AWT-EventQueue-0" java.lang.NullPointerException: Cannot invoke "com.st.stm32cube.common.mx.targetselector.IdeMcuFinder.cleanUp(boolean)" because "this.this$0.mcuFinder" is null
2025-02-27 02:35:06,247 [ERROR] LogOutputStream:75 - [STDERR_REDIRECT] 	at com.st.stm32cube.common.mx.targetselector.TargetSelectorAdapter$7.run(TargetSelectorAdapter.java:353)
2025-02-27 02:35:06,249 [ERROR] LogOutputStream:75 - [STDERR_REDIRECT] 	at com.st.stm32cube.common.mx.oss.core.awtswtbridge.AwtEnvironment$2.run(AwtEnvironment.java:166)
2025-02-27 02:35:06,251 [ERROR] LogOutputStream:75 - [STDERR_REDIRECT] 	at java.desktop/java.awt.event.InvocationEvent.dispatch(InvocationEvent.java:318)
2025-02-27 02:35:06,252 [ERROR] LogOutputStream:75 - [STDERR_REDIRECT] 	at java.desktop/java.awt.EventQueue.dispatchEventImpl(EventQueue.java:773)
2025-02-27 02:35:06,253 [ERROR] LogOutputStream:75 - [STDERR_REDIRECT] 	at java.desktop/java.awt.EventQueue$4.run(EventQueue.java:720)
2025-02-27 02:35:06,254 [ERROR] LogOutputStream:75 - [STDERR_REDIRECT] 	at java.desktop/java.awt.EventQueue$4.run(EventQueue.java:714)
2025-02-27 02:35:06,256 [ERROR] LogOutputStream:75 - [STDERR_REDIRECT] 	at java.base/java.security.AccessController.doPrivileged(AccessController.java:400)
2025-02-27 02:35:06,258 [ERROR] LogOutputStream:75 - [STDERR_REDIRECT] 	at java.base/java.security.ProtectionDomain$JavaSecurityAccessImpl.doIntersectionPrivilege(ProtectionDomain.java:87)
2025-02-27 02:35:06,260 [ERROR] LogOutputStream:75 - [STDERR_REDIRECT] 	at java.desktop/java.awt.EventQueue.dispatchEvent(EventQueue.java:742)
2025-02-27 02:35:06,262 [ERROR] LogOutputStream:75 - [STDERR_REDIRECT] 	at java.desktop/java.awt.EventDispatchThread.pumpOneEventForFilters(EventDispatchThread.java:203)
2025-02-27 02:35:06,264 [ERROR] LogOutputStream:75 - [STDERR_REDIRECT] 	at java.desktop/java.awt.EventDispatchThread.pumpEventsForFilter(EventDispatchThread.java:124)
2025-02-27 02:35:06,265 [ERROR] LogOutputStream:75 - [STDERR_REDIRECT] 	at java.desktop/java.awt.EventDispatchThread.pumpEventsForHierarchy(EventDispatchThread.java:113)
2025-02-27 02:35:06,267 [ERROR] LogOutputStream:75 - [STDERR_REDIRECT] 	at java.desktop/java.awt.EventDispatchThread.pumpEvents(EventDispatchThread.java:109)
2025-02-27 02:35:06,268 [ERROR] LogOutputStream:75 - [STDERR_REDIRECT] 	at java.desktop/java.awt.EventDispatchThread.pumpEvents(EventDispatchThread.java:101)
2025-02-27 02:35:06,269 [ERROR] LogOutputStream:75 - [STDERR_REDIRECT] 	at java.desktop/java.awt.EventDispatchThread.run(EventDispatchThread.java:90)
2025-02-27 02:35:11,138 [INFO] MainUpdater:2872 - connection check result : 10
2025-02-27 02:35:11,252 [INFO] McuFinderGlobals:76 - Set McuFinderConnectedMode to true
2025-02-27 02:35:11,252 [INFO] MultiScanPanel:200 - Auto-refresh data requested => check proxy status ongoing
2025-02-27 02:35:11,253 [INFO] FinderPluginLoader:95 - Searching for filters in installed packs
2025-02-27 02:35:12,132 [INFO] LoadUrlFilesThread:185 - End of LoadServerUrlFiles without Thread
2025-02-27 02:35:12,132 [INFO] DetailPanel:341 - Set advertising image to C:/Users/Karol/STM32Cube/Repository/\en.prom-stm32n6-mcu-finder.png
2025-02-27 02:35:15,023 [INFO] MultiScanPanel:200 - Auto-refresh data requested => check proxy status ongoing
2025-02-27 02:35:15,121 [INFO] LoadUrlFilesThread:185 - End of LoadServerUrlFiles without Thread
2025-02-27 02:35:15,121 [INFO] DetailPanel:341 - Set advertising image to C:/Users/Karol/STM32Cube/Repository/\en.prom-stm32n6-mcu-finder.png
2025-02-27 02:35:23,775 [INFO] BoardResultTable:719 - Mark Board STM32F407G-DISC1 as favorite
2025-02-27 02:36:15,259 [INFO] McuFinderGlobals:76 - Set McuFinderConnectedMode to true
2025-02-27 02:36:15,262 [INFO] ApiDb:448 - Save user favorites file C:\Users\Karol/.stm32cubeide/favorites.mcus.txt: 0 item(s)
2025-02-27 02:36:15,263 [INFO] ApiDb:452 - User favorites MCUs=[]
2025-02-27 02:36:15,264 [INFO] ApiDb:448 - Save user favorites file C:\Users\Karol/.stm32cubeide/favorites.boards.txt: 1 item(s)
2025-02-27 02:36:15,265 [INFO] ApiDb:452 - User favorites Boards=[STM32F407G-DISC1]
2025-02-27 16:29:07,913 [INFO] WebApp:190 - Connection lost
2025-02-27 16:29:08,032 [INFO] WebApp:187 - Connection restablished
2025-02-27 16:29:13,359 [INFO] WebApp:190 - Connection lost
2025-02-27 16:29:13,483 [INFO] WebApp:187 - Connection restablished
