2025-03-04 01:30:53,078 [INFO] WebApp:190 - Connection lost
2025-03-04 01:30:54,288 [INFO] WebApp:187 - Connection restablished
2025-03-04 01:30:55,442 [INFO] WebApp:190 - Connection lost
2025-03-04 01:30:55,553 [INFO] WebApp:187 - Connection restablished
2025-03-04 01:30:58,022 [INFO] WebApp:190 - Connection lost
2025-03-04 01:30:58,135 [INFO] WebApp:187 - Connection restablished
2025-03-04 01:31:03,003 [INFO] WebApp:190 - Connection lost
2025-03-04 01:31:03,117 [INFO] WebApp:187 - Connection restablished
2025-03-04 16:13:48,487 [INFO] WebApp:190 - Connection lost
2025-03-04 16:13:48,657 [INFO] WebApp:187 - Connection restablished
2025-03-04 16:13:51,532 [INFO] WebApp:190 - Connection lost
2025-03-04 16:13:51,668 [INFO] WebApp:187 - Connection restablished
2025-03-04 16:13:57,520 [INFO] WebApp:190 - Connection lost
2025-03-04 16:13:57,684 [INFO] WebApp:187 - Connection restablished
2025-03-04 16:22:51,066 [INFO] WebApp:389 - JxBrowser engine has been closed 
2025-03-04 20:21:25,439 [INFO] Activator:176 - 


2025-03-04 20:21:25,442 [INFO] Activator:177 - !SESSION log4j initialized
2025-03-04 20:21:34,078 [INFO] LogOutputStream:77 - [STDOUT_REDIRECT] 
2025-03-04 20:21:36,040 [INFO] ApplicationProperties:184 - Using Application install path: G:\ST\STM32CubeIDE_1.17.0\STM32CubeIDE\plugins\com.st.stm32cube.common.mx_6.13.0.202411220809
2025-03-04 20:21:36,055 [INFO] DbMcusXml:78 - Set database path to: G:\ST\STM32CubeIDE_1.17.0\STM32CubeIDE\plugins\com.st.stm32cube.common.mx_6.13.0.202411220809\\db\/mcu/
2025-03-04 20:21:36,055 [INFO] ApiDb:274 - Set plugin database path to: G:\ST\STM32CubeIDE_1.17.0\STM32CubeIDE\plugins\com.st.stm32cube.common.mx_6.13.0.202411220809\\db\/plugins/boardmanager/
2025-03-04 20:21:36,055 [WARN] ApiDb:259 - Overriding images path with different value:  => G:\ST\STM32CubeIDE_1.17.0\STM32CubeIDE\plugins\com.st.stm32cube.common.mx_6.13.0.202411220809\\db\/plugins/mcufinder/images/
2025-03-04 20:21:36,060 [INFO] ApiDb:250 - Set database path to: C:\Users\Karol\.stmcufinder\plugins\mcufinder//mcu/
2025-03-04 20:21:36,061 [INFO] DbMcusAds:125 - Set database path to: C:\Users\Karol\.stmcufinder\plugins\mcufinder//mcu/
2025-03-04 20:21:36,063 [INFO] CrossReferenceDbSqlite:203 - Set database path to: C:\Users\Karol\.stmcufinder\plugins\mcufinder//mcu/cs/
2025-03-04 20:21:36,194 [INFO] RulesReader:64 - Compatibility file has been processed (297 Rules)
2025-03-04 20:21:36,285 [INFO] DbMcusXml:78 - Set database path to: G:\ST\STM32CubeIDE_1.17.0\STM32CubeIDE\plugins\com.st.stm32cube.common.mx_6.13.0.202411220809\\db\/mcu/
2025-03-04 20:21:36,286 [INFO] ApiDb:274 - Set plugin database path to: G:\ST\STM32CubeIDE_1.17.0\STM32CubeIDE\plugins\com.st.stm32cube.common.mx_6.13.0.202411220809\\db\/plugins/boardmanager/
2025-03-04 20:21:36,286 [INFO] ApiDb:261 - Set plugin images path to: G:\ST\STM32CubeIDE_1.17.0\STM32CubeIDE\plugins\com.st.stm32cube.common.mx_6.13.0.202411220809\\db\/plugins/mcufinder/images/
2025-03-04 20:21:36,286 [WARN] DbFile:41 - Overriding database path with different value: C:\Users\Karol\.stmcufinder\plugins\mcufinder/ => C:\Users\Karol\.stmcufinder\plugins\mcufinder
2025-03-04 20:21:36,286 [INFO] ApiDb:250 - Set database path to: C:\Users\Karol\.stmcufinder\plugins\mcufinder//mcu/
2025-03-04 20:21:36,286 [WARN] DbFile:41 - Overriding database path with different value: C:\Users\Karol\.stmcufinder\plugins\mcufinder/ => C:\Users\Karol\.stmcufinder\plugins\mcufinder
2025-03-04 20:21:36,286 [INFO] DbMcusAds:125 - Set database path to: C:\Users\Karol\.stmcufinder\plugins\mcufinder//mcu/
2025-03-04 20:21:36,287 [WARN] DbFile:41 - Overriding database path with different value: C:\Users\Karol\.stmcufinder\plugins\mcufinder/ => C:\Users\Karol\.stmcufinder\plugins\mcufinder
2025-03-04 20:21:36,287 [WARN] DbFile:41 - Overriding database path with different value: C:\Users\Karol\.stmcufinder\plugins\mcufinder/ => C:\Users\Karol\.stmcufinder\plugins\mcufinder
2025-03-04 20:21:36,287 [INFO] CrossReferenceDbSqlite:203 - Set database path to: C:\Users\Karol\.stmcufinder\plugins\mcufinder//mcu/cs/
2025-03-04 20:21:36,362 [INFO] MainPanel:272 - HeapMemory: 268435456
2025-03-04 20:21:36,448 [INFO] DbMcusXml:78 - Set database path to: G:\ST\STM32CubeIDE_1.17.0\STM32CubeIDE\plugins\com.st.stm32cube.common.mx_6.13.0.202411220809\\db\/mcu/
2025-03-04 20:21:36,448 [INFO] ApiDb:274 - Set plugin database path to: G:\ST\STM32CubeIDE_1.17.0\STM32CubeIDE\plugins\com.st.stm32cube.common.mx_6.13.0.202411220809\\db\/plugins/boardmanager/
2025-03-04 20:21:36,448 [INFO] ApiDb:261 - Set plugin images path to: G:\ST\STM32CubeIDE_1.17.0\STM32CubeIDE\plugins\com.st.stm32cube.common.mx_6.13.0.202411220809\\db\/plugins/mcufinder/images/
2025-03-04 20:21:36,449 [WARN] DbFile:41 - Overriding database path with different value: C:\Users\Karol\.stmcufinder\plugins\mcufinder/ => C:\Users\Karol\.stmcufinder\plugins\mcufinder
2025-03-04 20:21:36,449 [INFO] ApiDb:250 - Set database path to: C:\Users\Karol\.stmcufinder\plugins\mcufinder//mcu/
2025-03-04 20:21:36,449 [WARN] DbFile:41 - Overriding database path with different value: C:\Users\Karol\.stmcufinder\plugins\mcufinder/ => C:\Users\Karol\.stmcufinder\plugins\mcufinder
2025-03-04 20:21:36,449 [INFO] DbMcusAds:125 - Set database path to: C:\Users\Karol\.stmcufinder\plugins\mcufinder//mcu/
2025-03-04 20:21:36,449 [WARN] DbFile:41 - Overriding database path with different value: C:\Users\Karol\.stmcufinder\plugins\mcufinder/ => C:\Users\Karol\.stmcufinder\plugins\mcufinder
2025-03-04 20:21:36,449 [WARN] DbFile:41 - Overriding database path with different value: C:\Users\Karol\.stmcufinder\plugins\mcufinder/ => C:\Users\Karol\.stmcufinder\plugins\mcufinder
2025-03-04 20:21:36,449 [INFO] CrossReferenceDbSqlite:203 - Set database path to: C:\Users\Karol\.stmcufinder\plugins\mcufinder//mcu/cs/
2025-03-04 20:21:36,469 [INFO] ApplicationProperties:184 - Using Application install path: G:\ST\STM32CubeIDE_1.17.0\STM32CubeIDE\plugins\com.st.stm32cube.common.mx_6.13.0.202411220809
2025-03-04 20:21:36,471 [INFO] PluginManage:196 - Search for loadable plugins [exclusion list=, ]
2025-03-04 20:21:36,473 [INFO] PluginManage:310 - Check plugin analytics
2025-03-04 20:21:36,688 [INFO] AnalyticsPlugin:253 - Accepted Software Licenses: 
2025-03-04 20:21:36,688 [INFO] AnalyticsPlugin:255 - Accepted CMSIS Pack Licenses: 
2025-03-04 20:21:36,688 [INFO] AnalyticsPlugin:257 - Accepted Firmware Licenses: FW.F4.1.28.0
2025-03-04 20:21:36,693 [INFO] PluginManage:359 - Loaded plugin analytics (category:tool,tabindex:-1)
2025-03-04 20:21:36,693 [INFO] PluginManage:310 - Check plugin cadmodel
2025-03-04 20:21:36,713 [INFO] CADModel:105 - Init CAD model plugin
2025-03-04 20:21:36,713 [INFO] PluginManage:359 - Loaded plugin cadmodel (category:power,tabindex:5)
2025-03-04 20:21:36,714 [INFO] PluginManage:310 - Check plugin clock
2025-03-04 20:21:36,736 [INFO] PluginManage:359 - Loaded plugin clock (category:base,tabindex:2)
2025-03-04 20:21:36,736 [INFO] PluginManage:310 - Check plugin ddr
2025-03-04 20:21:36,738 [INFO] PluginManage:359 - Loaded plugin ddr (category:tool,tabindex:6)
2025-03-04 20:21:36,739 [INFO] PluginManage:310 - Check plugin filemanager
2025-03-04 20:21:36,901 [INFO] PluginManage:359 - Loaded plugin filemanager (category:base,tabindex:10)
2025-03-04 20:21:36,901 [INFO] PluginManage:310 - Check plugin ipmanager
2025-03-04 20:21:36,909 [INFO] PluginManage:359 - Loaded plugin ipmanager (category:base,tabindex:5)
2025-03-04 20:21:36,910 [INFO] PluginManage:310 - Check plugin lpbam
2025-03-04 20:21:36,930 [INFO] PluginManage:359 - Loaded plugin lpbam (category:base,tabindex:0)
2025-03-04 20:21:36,930 [INFO] PluginManage:310 - Check plugin memorymap
2025-03-04 20:21:36,955 [INFO] PluginManage:359 - Loaded plugin memorymap (category:base,tabindex:4)
2025-03-04 20:21:36,956 [INFO] PluginManage:310 - Check plugin pinoutandconfiguration
2025-03-04 20:21:36,977 [INFO] PluginManage:359 - Loaded plugin pinoutandconfiguration (category:base,tabindex:1)
2025-03-04 20:21:36,977 [INFO] PluginManage:310 - Check plugin pinoutconfig
2025-03-04 20:21:37,093 [WARN] SupportedApi:132 - Cannot load RTOS API schema: s4s-elt-must-match.1: The content of 'definitions' must match (annotation?, (simpleType | complexType)?, (unique | key | keyref)*)). A problem was found starting at: attribute.
2025-03-04 20:21:37,280 [INFO] PluginManage:359 - Loaded plugin pinoutconfig (category:base,tabindex:0)
2025-03-04 20:21:37,280 [INFO] PluginManage:310 - Check plugin power
2025-03-04 20:21:37,302 [INFO] PluginManage:359 - Loaded plugin power (category:power,tabindex:4)
2025-03-04 20:21:37,303 [INFO] PluginManage:310 - Check plugin projectmanager
2025-03-04 20:21:37,323 [INFO] PluginManage:359 - Loaded plugin projectmanager (category:projectmanager,tabindex:4)
2025-03-04 20:21:37,323 [INFO] PluginManage:310 - Check plugin rif
2025-03-04 20:21:37,344 [INFO] PluginManage:359 - Loaded plugin rif (category:base,tabindex:3)
2025-03-04 20:21:37,345 [INFO] PluginManage:310 - Check plugin thirdparty
2025-03-04 20:21:37,578 [INFO] PluginManage:359 - Loaded plugin thirdparty (category:base,tabindex:-1)
2025-03-04 20:21:37,578 [WARN] IntegrityCheckThread:84 - waiting for thirdparty lock release [integrity check]
2025-03-04 20:21:37,578 [INFO] PluginManage:310 - Check plugin tools
2025-03-04 20:21:37,578 [INFO] IntegrityCheckThread:86 - entering critical section [integrity check]
2025-03-04 20:21:37,579 [INFO] ThirdPartyUpdaterWithRetryManager:70 - Updater plugin not ready yet. [1/15]
2025-03-04 20:21:37,584 [INFO] PluginManage:359 - Loaded plugin tools (category:base,tabindex:7)
2025-03-04 20:21:37,584 [INFO] PluginManage:310 - Check plugin tutovideos
2025-03-04 20:21:37,785 [INFO] PluginManage:359 - Loaded plugin tutovideos (category:base,tabindex:-1)
2025-03-04 20:21:37,785 [INFO] PluginManage:310 - Check plugin updater
2025-03-04 20:21:37,811 [INFO] PluginManage:359 - Loaded plugin updater (category:base,tabindex:12)
2025-03-04 20:21:37,811 [INFO] PluginManage:310 - Check plugin userauth
2025-03-04 20:21:37,818 [INFO] UserAuth:118 - Init User Auth plugin
2025-03-04 20:21:37,819 [INFO] PluginManage:359 - Loaded plugin userauth (category:base,tabindex:14)
2025-03-04 20:21:37,820 [INFO] PluginManage:283 - PluginManage : Loaded plugins [18]
2025-03-04 20:21:38,048 [INFO] PinOutPanel:1589 - setPackage(No Configuration,No Configuration)
2025-03-04 20:21:38,144 [INFO] CADModel:165 - CPN selected for project level
2025-03-04 20:21:38,144 [INFO] CADModel:114 - Register for checkConnection events
2025-03-04 20:21:38,176 [INFO] IPUIPlugin:80 - create IPUIPlugin
2025-03-04 20:21:38,177 [INFO] PluginManager:220 - loadIPPluginJar : add adc
2025-03-04 20:21:38,232 [INFO] IPUIPlugin:80 - create IPUIPlugin
2025-03-04 20:21:38,232 [INFO] PluginManager:220 - loadIPPluginJar : add aes
2025-03-04 20:21:38,299 [INFO] IPUIPlugin:80 - create IPUIPlugin
2025-03-04 20:21:38,299 [INFO] PluginManager:220 - loadIPPluginJar : add can
2025-03-04 20:21:38,302 [INFO] IPUIPlugin:80 - create IPUIPlugin
2025-03-04 20:21:38,302 [INFO] PluginManager:220 - loadIPPluginJar : add comp
2025-03-04 20:21:38,352 [INFO] IPUIPlugin:80 - create IPUIPlugin
2025-03-04 20:21:38,352 [INFO] PluginManager:220 - loadIPPluginJar : add cryp
2025-03-04 20:21:38,369 [INFO] IPUIPlugin:80 - create IPUIPlugin
2025-03-04 20:21:38,369 [INFO] PluginManager:220 - loadIPPluginJar : add ddr_ctrl_phy
2025-03-04 20:21:38,373 [INFO] IPUIPlugin:80 - create IPUIPlugin
2025-03-04 20:21:38,373 [INFO] PluginManager:220 - loadIPPluginJar : add dfsdm
2025-03-04 20:21:38,393 [INFO] IPUIPlugin:80 - create IPUIPlugin
2025-03-04 20:21:38,394 [INFO] PluginManager:220 - loadIPPluginJar : add dma
2025-03-04 20:21:38,450 [INFO] IPUIPlugin:80 - create IPUIPlugin
2025-03-04 20:21:38,450 [INFO] PluginManager:220 - loadIPPluginJar : add dma3
2025-03-04 20:21:38,509 [INFO] IPUIPlugin:80 - create IPUIPlugin
2025-03-04 20:21:38,510 [INFO] PluginManager:220 - loadIPPluginJar : add extmemmanager
2025-03-04 20:21:38,512 [INFO] IPUIPlugin:80 - create IPUIPlugin
2025-03-04 20:21:38,513 [INFO] PluginManager:220 - loadIPPluginJar : add fatfs
2025-03-04 20:21:38,581 [INFO] IPUIPlugin:80 - create IPUIPlugin
2025-03-04 20:21:38,581 [INFO] PluginManager:220 - loadIPPluginJar : add fmc
2025-03-04 20:21:38,600 [INFO] IPUIPlugin:80 - create IPUIPlugin
2025-03-04 20:21:38,600 [INFO] PluginManager:220 - loadIPPluginJar : add freertos
2025-03-04 20:21:38,603 [INFO] IPUIPlugin:80 - create IPUIPlugin
2025-03-04 20:21:38,603 [INFO] PluginManager:220 - loadIPPluginJar : add genericplugin
2025-03-04 20:21:38,733 [INFO] IPUIPlugin:80 - create IPUIPlugin
2025-03-04 20:21:38,733 [INFO] PluginManager:220 - loadIPPluginJar : add gfxmmu
2025-03-04 20:21:38,917 [INFO] IPUIPlugin:80 - create IPUIPlugin
2025-03-04 20:21:38,917 [INFO] PluginManager:220 - loadIPPluginJar : add gic
2025-03-04 20:21:38,934 [INFO] IPUIPlugin:80 - create IPUIPlugin
2025-03-04 20:21:38,934 [INFO] PluginManager:220 - loadIPPluginJar : add gpio
2025-03-04 20:21:39,063 [INFO] IPUIPlugin:80 - create IPUIPlugin
2025-03-04 20:21:39,063 [INFO] PluginManager:220 - loadIPPluginJar : add gtzc
2025-03-04 20:21:39,067 [INFO] IPUIPlugin:80 - create IPUIPlugin
2025-03-04 20:21:39,067 [INFO] PluginManager:220 - loadIPPluginJar : add hash
2025-03-04 20:21:39,141 [INFO] IPUIPlugin:80 - create IPUIPlugin
2025-03-04 20:21:39,141 [INFO] PluginManager:220 - loadIPPluginJar : add i2c
2025-03-04 20:21:39,194 [INFO] IPUIPlugin:80 - create IPUIPlugin
2025-03-04 20:21:39,194 [INFO] PluginManager:220 - loadIPPluginJar : add i2s
2025-03-04 20:21:39,248 [INFO] IPUIPlugin:80 - create IPUIPlugin
2025-03-04 20:21:39,248 [INFO] PluginManager:220 - loadIPPluginJar : add i3c
2025-03-04 20:21:39,387 [INFO] IPUIPlugin:80 - create IPUIPlugin
2025-03-04 20:21:39,387 [INFO] PluginManager:220 - loadIPPluginJar : add ipddr
2025-03-04 20:21:39,519 [INFO] IPUIPlugin:80 - create IPUIPlugin
2025-03-04 20:21:39,520 [INFO] PluginManager:220 - loadIPPluginJar : add linkedlist
2025-03-04 20:21:39,524 [INFO] IPUIPlugin:80 - create IPUIPlugin
2025-03-04 20:21:39,524 [INFO] PluginManager:220 - loadIPPluginJar : add lorawan
2025-03-04 20:21:39,576 [INFO] IPUIPlugin:80 - create IPUIPlugin
2025-03-04 20:21:39,576 [INFO] PluginManager:220 - loadIPPluginJar : add ltdc
2025-03-04 20:21:39,594 [INFO] IPUIPlugin:80 - create IPUIPlugin
2025-03-04 20:21:39,594 [INFO] PluginManager:220 - loadIPPluginJar : add mdma
2025-03-04 20:21:39,611 [INFO] IPUIPlugin:80 - create IPUIPlugin
2025-03-04 20:21:39,611 [INFO] PluginManager:220 - loadIPPluginJar : add nvic
2025-03-04 20:21:39,667 [INFO] IPUIPlugin:80 - create IPUIPlugin
2025-03-04 20:21:39,667 [INFO] PluginManager:220 - loadIPPluginJar : add opamp
2025-03-04 20:21:39,756 [INFO] IPUIPlugin:80 - create IPUIPlugin
2025-03-04 20:21:39,756 [INFO] PluginManager:220 - loadIPPluginJar : add openamp
2025-03-04 20:21:39,813 [INFO] IPUIPlugin:80 - create IPUIPlugin
2025-03-04 20:21:39,813 [INFO] PluginManager:220 - loadIPPluginJar : add pdm2pcm
2025-03-04 20:21:39,832 [INFO] IPUIPlugin:80 - create IPUIPlugin
2025-03-04 20:21:39,834 [INFO] PluginManager:220 - loadIPPluginJar : add plateformsettings
2025-03-04 20:21:39,837 [INFO] IPUIPlugin:80 - create IPUIPlugin
2025-03-04 20:21:39,837 [INFO] PluginManager:220 - loadIPPluginJar : add quadspi
2025-03-04 20:21:39,839 [INFO] IPUIPlugin:80 - create IPUIPlugin
2025-03-04 20:21:39,840 [INFO] PluginManager:220 - loadIPPluginJar : add radio
2025-03-04 20:21:39,857 [INFO] IPUIPlugin:80 - create IPUIPlugin
2025-03-04 20:21:39,857 [INFO] PluginManager:220 - loadIPPluginJar : add resmgrutility
2025-03-04 20:21:39,923 [INFO] IPUIPlugin:80 - create IPUIPlugin
2025-03-04 20:21:39,924 [INFO] PluginManager:220 - loadIPPluginJar : add sai
2025-03-04 20:21:39,976 [INFO] IPUIPlugin:80 - create IPUIPlugin
2025-03-04 20:21:39,976 [INFO] PluginManager:220 - loadIPPluginJar : add spi
2025-03-04 20:21:40,066 [INFO] IPUIPlugin:80 - create IPUIPlugin
2025-03-04 20:21:40,066 [INFO] PluginManager:220 - loadIPPluginJar : add stm32_wpan
2025-03-04 20:21:40,070 [INFO] IPUIPlugin:80 - create IPUIPlugin
2025-03-04 20:21:40,070 [INFO] PluginManager:220 - loadIPPluginJar : add tim
2025-03-04 20:21:40,149 [INFO] IPUIPlugin:80 - create IPUIPlugin
2025-03-04 20:21:40,149 [INFO] PluginManager:220 - loadIPPluginJar : add touchsensing
2025-03-04 20:21:40,152 [INFO] IPUIPlugin:80 - create IPUIPlugin
2025-03-04 20:21:40,152 [INFO] PluginManager:220 - loadIPPluginJar : add tracer_emb
2025-03-04 20:21:40,185 [INFO] IPUIPlugin:80 - create IPUIPlugin
2025-03-04 20:21:40,185 [INFO] PluginManager:220 - loadIPPluginJar : add ts
2025-03-04 20:21:40,188 [INFO] IPUIPlugin:80 - create IPUIPlugin
2025-03-04 20:21:40,188 [INFO] PluginManager:220 - loadIPPluginJar : add tsc
2025-03-04 20:21:40,220 [INFO] IPUIPlugin:80 - create IPUIPlugin
2025-03-04 20:21:40,220 [INFO] PluginManager:220 - loadIPPluginJar : add ucpd
2025-03-04 20:21:40,285 [INFO] IPUIPlugin:80 - create IPUIPlugin
2025-03-04 20:21:40,285 [INFO] PluginManager:220 - loadIPPluginJar : add usart
2025-03-04 20:21:40,346 [INFO] IPUIPlugin:80 - create IPUIPlugin
2025-03-04 20:21:40,346 [INFO] PluginManager:220 - loadIPPluginJar : add usbx
2025-03-04 20:21:40,485 [FATAL] Updater:351 - Updater called before beeing initialized
2025-03-04 20:21:40,530 [INFO] RulesReader:64 - Compatibility file has been processed (297 Rules)
2025-03-04 20:21:40,544 [INFO] RulesReader:64 - Compatibility file has been processed (297 Rules)
2025-03-04 20:21:40,555 [INFO] CADModel:165 - CPN selected for project level
2025-03-04 20:21:40,555 [INFO] CADModel:114 - Register for checkConnection events
2025-03-04 20:21:40,555 [FATAL] Updater:351 - Updater called before beeing initialized
2025-03-04 20:21:40,555 [ERROR] CADModel:125 - Updater not yet initialized, retry later 
2025-03-04 20:21:40,580 [INFO] ThirdPartyUpdaterWithRetryManager:70 - Updater plugin not ready yet. [2/15]
2025-03-04 20:21:40,726 [FATAL] Updater:351 - Updater called before beeing initialized
2025-03-04 20:21:40,728 [INFO] CADModel:165 - CPN selected for project level
2025-03-04 20:21:40,728 [INFO] CADModel:114 - Register for checkConnection events
2025-03-04 20:21:40,729 [FATAL] Updater:351 - Updater called before beeing initialized
2025-03-04 20:21:40,729 [ERROR] CADModel:125 - Updater not yet initialized, retry later 
2025-03-04 20:21:40,732 [FATAL] Updater:351 - Updater called before beeing initialized
2025-03-04 20:21:40,854 [FATAL] Updater:351 - Updater called before beeing initialized
2025-03-04 20:21:40,862 [INFO] DbMcusAds:53 - JSON generation date=Tue Dec 17 17:01:15 CET 2024 (1734451275143)
2025-03-04 20:21:40,862 [FATAL] Updater:351 - Updater called before beeing initialized
2025-03-04 20:21:40,961 [WARN] DetailPanel:346 - Failed to get advertising image, set to default
2025-03-04 20:21:41,324 [FATAL] Updater:351 - Updater called before beeing initialized
2025-03-04 20:21:41,327 [FATAL] Updater:351 - Updater called before beeing initialized
2025-03-04 20:21:41,328 [FATAL] Updater:351 - Updater called before beeing initialized
2025-03-04 20:21:41,328 [WARN] DetailPanel:346 - Failed to get advertising image, set to default
2025-03-04 20:21:41,329 [FATAL] Updater:351 - Updater called before beeing initialized
2025-03-04 20:21:41,414 [ERROR] Updater:1198 - MainUpdater not yet initialized. External WinMGr cannot be set.
2025-03-04 20:21:41,419 [INFO] Updater:1134 - Updater Version found : 6.13.0
2025-03-04 20:21:41,447 [INFO] ApplicationProperties:184 - Using Application install path: G:\ST\STM32CubeIDE_1.17.0\STM32CubeIDE\plugins\com.st.stm32cube.common.mx_6.13.0.202411220809
2025-03-04 20:21:43,039 [ERROR] LogOutputStream:75 - [STDERR_REDIRECT] Mar 04, 2025 8:21:43 PM java.util.prefs.WindowsPreferences <init>
2025-03-04 20:21:43,045 [ERROR] LogOutputStream:75 - [STDERR_REDIRECT] WARNING: Could not open/create prefs root node Software\JavaSoft\Prefs at root 0xffffffff80000002. Windows RegCreateKeyEx(...) returned error code 5.
2025-03-04 20:21:43,046 [ERROR] LogOutputStream:75 - [STDERR_REDIRECT] 
2025-03-04 20:21:43,426 [INFO] MainUpdater:2872 - connection check result : 10
2025-03-04 20:21:43,427 [INFO] MainUpdater:289 - Updater Check For Update Now.
2025-03-04 20:21:43,427 [INFO] MicroXplorer:498 - Change Database Version : DB.6.0.130
2025-03-04 20:21:43,450 [INFO] McuFinderGlobals:63 - Set McuFinder mode to 2 (CubeIDE integrated)
2025-03-04 20:21:43,453 [INFO] UserAuth:486 - Internet connection configuration mode: 1
2025-03-04 20:21:43,478 [INFO] JxBrowserEngine:152 - Initiate JxBrowser Engine with user profile folder
2025-03-04 20:21:43,582 [WARN] MainUpdater:1193 - Updater busy. Cannot search thirdparties
2025-03-04 20:21:43,582 [INFO] ThirdPartyUpdaterWithRetryManager:96 - Updater plugin is busy. [1/15]
2025-03-04 20:21:43,685 [INFO] CheckServerUpdateThread:120 - End of CheckServer Thread
2025-03-04 20:21:44,898 [INFO] WebApp:168 - Instantiating new browser for Auth
2025-03-04 20:21:45,832 [INFO] WebApp:449 - Apply proxy settings
2025-03-04 20:21:45,832 [INFO] WebApp:534 - Chromium requires no authentication
2025-03-04 20:21:45,842 [INFO] WebApp:477 - Direct internet connection detected
2025-03-04 20:21:45,873 [INFO] WebApp:880 - Register for checkConnection events
2025-03-04 20:21:45,873 [INFO] WebApp:449 - Apply proxy settings
2025-03-04 20:21:45,874 [INFO] WebApp:534 - Chromium requires no authentication
2025-03-04 20:21:45,874 [INFO] WebApp:477 - Direct internet connection detected
2025-03-04 20:21:46,040 [INFO] WebApp:187 - Connection restablished
2025-03-04 20:21:46,162 [INFO] WebApp:221 - Starting web application
2025-03-04 20:21:46,163 [INFO] WebApp:579 - Web application path used G:\ST\STM32CubeIDE_1.17.0\STM32CubeIDE\plugins\com.st.stm32cube.common.mx_6.13.0.202411220809\db\plugins\mcufinder\reactClient1\index.html
2025-03-04 20:21:46,421 [INFO] UserAuth:486 - Internet connection configuration mode: 1
2025-03-04 20:21:46,909 [WARN] PackLoader:240 - Cannot read IP mode file for STMicroelectronics.FP-SNS-MOTENVWB1.1.4.0
2025-03-04 20:21:46,925 [WARN] PackLoader:240 - Cannot read IP mode file for STMicroelectronics.FP-ATR-ASTRA1.2.0.2
2025-03-04 20:21:46,933 [WARN] PackLoader:240 - Cannot read IP mode file for STMicroelectronics.FP-ATR-ASTRA1.2.0.1
2025-03-04 20:21:46,966 [WARN] PackLoader:240 - Cannot read IP mode file for STMicroelectronics.X-CUBE-SMBUS.2.1.0
2025-03-04 20:21:46,995 [WARN] PackLoader:240 - Cannot read IP mode file for STMicroelectronics.X-CUBE-WB05N.1.1.0
2025-03-04 20:21:47,075 [WARN] PackLoader:240 - Cannot read IP mode file for STMicroelectronics.X-CUBE-AZRTOS-F7.1.1.0
2025-03-04 20:21:47,092 [WARN] PackLoader:240 - Cannot read IP mode file for STMicroelectronics.FP-SNS-FLIGHT1.5.0.2
2025-03-04 20:21:47,155 [WARN] PackLoader:240 - Cannot read IP mode file for Infineon.AIROC-Wi-Fi-Bluetooth-STM32.1.7.0
2025-03-04 20:21:47,199 [WARN] PackLoader:240 - Cannot read IP mode file for STMicroelectronics.X-CUBE-DISPLAY.3.0.0
2025-03-04 20:21:47,229 [WARN] PackLoader:240 - Cannot read IP mode file for STMicroelectronics.X-CUBE-BLE1.7.0.0
2025-03-04 20:21:47,256 [WARN] PackLoader:240 - Cannot read IP mode file for STMicroelectronics.X-CUBE-NFC10.1.0.0
2025-03-04 20:21:47,292 [WARN] PackLoader:240 - Cannot read IP mode file for STMicroelectronics.X-CUBE-BLEMGR.4.0.0
2025-03-04 20:21:47,323 [WARN] PackLoader:240 - Cannot read IP mode file for emotas.I-CUBE-CANOPEN.1.3.0
2025-03-04 20:21:47,341 [WARN] PackLoader:240 - Cannot read IP mode file for STMicroelectronics.X-CUBE-AI.10.0.0
2025-03-04 20:21:47,367 [WARN] PackLoader:240 - Cannot read IP mode file for STMicroelectronics.FP-SNS-SMARTAG2.1.2.0
2025-03-04 20:21:47,482 [WARN] PackLoader:240 - Cannot read IP mode file for STMicroelectronics.X-CUBE-MEMS1.11.1.0
2025-03-04 20:21:47,844 [INFO] LogOutputStream:77 - [STDOUT_REDIRECT] 1 : Invalid condition id : UX_CORESTACK_Condition cause : null
2025-03-04 20:21:47,845 [INFO] LogOutputStream:77 - [STDOUT_REDIRECT] 1 : Invalid condition id : UX_CORESTACK_Condition cause : null
2025-03-04 20:21:47,846 [INFO] LogOutputStream:77 - [STDOUT_REDIRECT] 1 : Invalid condition id : UX_CORESTACK_Condition cause : null
2025-03-04 20:21:47,848 [INFO] LogOutputStream:77 - [STDOUT_REDIRECT] 1 : Invalid condition id : UX_CORESTACK_Condition cause : null
2025-03-04 20:21:47,850 [INFO] LogOutputStream:77 - [STDOUT_REDIRECT] 1 : Invalid condition id : UX_CORESTACK_Condition cause : null
2025-03-04 20:21:47,853 [WARN] PackLoader:240 - Cannot read IP mode file for STMicroelectronics.X-CUBE-AZRTOS-WL.2.0.0
2025-03-04 20:21:47,878 [WARN] PackLoader:240 - Cannot read IP mode file for STMicroelectronics.FP-SNS-MOTENV1.5.0.0
2025-03-04 20:21:47,897 [WARN] PackLoader:240 - Cannot read IP mode file for wolfSSL.I-CUBE-wolfMQTT.1.19.0
2025-03-04 20:21:47,921 [WARN] PackLoader:240 - Cannot read IP mode file for WES.I-CUBE-Cesium.1.3.0
2025-03-04 20:21:47,941 [WARN] PackLoader:240 - Cannot read IP mode file for STMicroelectronics.X-CUBE-BLE2.3.3.0
2025-03-04 20:21:47,961 [WARN] PackLoader:240 - Cannot read IP mode file for STMicroelectronics.X-CUBE-NFC9.1.0.0
2025-03-04 20:21:47,992 [WARN] PackLoader:240 - Cannot read IP mode file for STMicroelectronics.X-CUBE-AZRTOS-G0.1.1.0
2025-03-04 20:21:48,013 [WARN] PackLoader:240 - Cannot read IP mode file for STMicroelectronics.X-CUBE-SAFEA1.1.2.2
2025-03-04 20:21:48,031 [WARN] PackLoader:240 - Cannot read IP mode file for STMicroelectronics.X-CUBE-NFC4.3.0.0
2025-03-04 20:21:48,051 [WARN] PackLoader:240 - Cannot read IP mode file for EmbeddedOffice.I-CUBE-FS-RTOS.1.0.1
2025-03-04 20:21:48,070 [WARN] PackLoader:240 - Cannot read IP mode file for STMicroelectronics.X-CUBE-TCPP.4.2.0
2025-03-04 20:21:48,087 [WARN] PackLoader:240 - Cannot read IP mode file for RealThread.X-CUBE-RT-Thread_Nano.4.1.1
2025-03-04 20:21:48,093 [WARN] PackLoader:240 - Cannot read IP mode file for STMicroelectronics.FP-ATR-SIGFOX1.3.2.0
2025-03-04 20:21:48,099 [WARN] ConditionMgr:438 - getConditionDescription Invalid condition id : Cortex-A Device cause : null
2025-03-04 20:21:48,113 [WARN] ConditionMgr:1044 - genDependencies : Invalid condition id : Cortex-A Device cause : null
2025-03-04 20:21:48,113 [WARN] ConditionMgr:1044 - genDependencies : Invalid condition id : Cortex-A Device cause : null
2025-03-04 20:21:48,113 [WARN] ConditionMgr:1044 - genDependencies : Invalid condition id : Cortex-A Device cause : null
2025-03-04 20:21:48,130 [WARN] PackLoader:240 - Cannot read IP mode file for STMicroelectronics.X-CUBE-EEPRMA1.5.1.0
2025-03-04 20:21:48,147 [WARN] PackLoader:240 - Cannot read IP mode file for wolfSSL.I-CUBE-wolfSSL.5.7.6
2025-03-04 20:21:48,164 [WARN] PackLoader:240 - Cannot read IP mode file for ITTIA_DB.I-CUBE-ITTIADB.8.9.0
2025-03-04 20:21:48,205 [WARN] PackLoader:240 - Cannot read IP mode file for SEGGER.I-CUBE-embOS.1.3.1
2025-03-04 20:21:48,258 [WARN] PackLoader:240 - Cannot read IP mode file for STMicroelectronics.X-CUBE-ALGOBUILD.1.4.0
2025-03-04 20:21:48,289 [WARN] PackLoader:240 - Cannot read IP mode file for STMicroelectronics.X-CUBE-AZRTOS-F4.1.1.0
2025-03-04 20:21:48,308 [WARN] PackLoader:240 - Cannot read IP mode file for STMicroelectronics.X-CUBE-ISPU.2.1.0
2025-03-04 20:21:48,339 [WARN] PackLoader:240 - Cannot read IP mode file for STMicroelectronics.X-CUBE-AZRTOS-L5.2.0.0
2025-03-04 20:21:48,360 [WARN] PackLoader:240 - Cannot read IP mode file for STMicroelectronics.X-CUBE-NFC6.3.1.0
2025-03-04 20:21:48,378 [WARN] PackLoader:240 - Cannot read IP mode file for STMicroelectronics.X-CUBE-DPower.1.2.0
2025-03-04 20:21:48,394 [WARN] PackLoader:240 - Cannot read IP mode file for STMicroelectronics.X-CUBE-FREERTOS.1.3.0
2025-03-04 20:21:48,410 [WARN] PackLoader:240 - Cannot read IP mode file for STMicroelectronics.X-CUBE-NFC7.1.0.1
2025-03-04 20:21:48,442 [WARN] ConditionMgr:438 - getConditionDescription Invalid condition id : LAN8742 Phy interface Condition cause : null
2025-03-04 20:21:48,444 [WARN] PackLoader:240 - Cannot read IP mode file for STMicroelectronics.X-CUBE-AZRTOS-L4.2.0.0
2025-03-04 20:21:48,445 [WARN] ConditionMgr:1044 - genDependencies : Invalid condition id : LAN8742 Phy interface Condition cause : null
2025-03-04 20:21:48,445 [WARN] ConditionMgr:1044 - genDependencies : Invalid condition id : LAN8742 Phy interface Condition cause : null
2025-03-04 20:21:48,445 [WARN] ConditionMgr:1044 - genDependencies : Invalid condition id : LAN8742 Phy interface Condition cause : null
2025-03-04 20:21:48,463 [WARN] PackLoader:240 - Cannot read IP mode file for STMicroelectronics.X-CUBE-SFXS2LP1.4.0.0
2025-03-04 20:21:48,504 [WARN] PackLoader:240 - Cannot read IP mode file for STMicroelectronics.X-CUBE-AZRTOS-H7.3.3.0
2025-03-04 20:21:48,549 [WARN] ConditionMgr:438 - getConditionDescription Invalid condition id : UX DEVICE CLASS RTOS Condition cause : null
2025-03-04 20:21:48,550 [WARN] ConditionMgr:438 - getConditionDescription Invalid condition id : UX DEVICE CLASS RTOS Condition cause : null
2025-03-04 20:21:48,551 [WARN] PackLoader:240 - Cannot read IP mode file for STMicroelectronics.X-CUBE-AZRTOS-WB.2.0.0
2025-03-04 20:21:48,552 [WARN] ConditionMgr:1044 - genDependencies : Invalid condition id : UX DEVICE CLASS RTOS Condition cause : null
2025-03-04 20:21:48,552 [WARN] ConditionMgr:1044 - genDependencies : Invalid condition id : UX DEVICE CLASS RTOS Condition cause : null
2025-03-04 20:21:48,553 [WARN] ConditionMgr:1044 - genDependencies : Invalid condition id : UX DEVICE CLASS RTOS Condition cause : null
2025-03-04 20:21:48,553 [WARN] ConditionMgr:1044 - genDependencies : Invalid condition id : UX DEVICE CLASS RTOS Condition cause : null
2025-03-04 20:21:48,553 [WARN] ConditionMgr:1044 - genDependencies : Invalid condition id : UX DEVICE CLASS RTOS Condition cause : null
2025-03-04 20:21:48,574 [WARN] PackLoader:240 - Cannot read IP mode file for STMicroelectronics.X-CUBE-GNSS1.7.0.1
2025-03-04 20:21:48,602 [WARN] PackLoader:240 - Cannot read IP mode file for STMicroelectronics.FP-SNS-STBOX1.2.0.0
2025-03-04 20:21:48,637 [WARN] PackLoader:240 - Cannot read IP mode file for STMicroelectronics.X-CUBE-SUBG2.5.0.0
2025-03-04 20:21:48,651 [WARN] PackLoader:240 - Cannot read IP mode file for Cesanta.I-CUBE-Mongoose.7.13.0
2025-03-04 20:21:48,699 [WARN] PackLoader:240 - Cannot read IP mode file for STMicroelectronics.X-CUBE-AZRTOS-G4.2.0.0
2025-03-04 20:21:48,736 [WARN] PackLoader:240 - Cannot read IP mode file for STMicroelectronics.X-CUBE-IPS.3.1.0
2025-03-04 20:21:48,755 [WARN] PackLoader:240 - Cannot read IP mode file for STMicroelectronics.X-CUBE-ALS.1.0.2
2025-03-04 20:21:48,773 [WARN] PackLoader:240 - Cannot read IP mode file for STMicroelectronics.X-CUBE-TOUCHGFX.4.24.2
2025-03-04 20:21:48,780 [WARN] PackLoader:240 - Cannot read IP mode file for wolfSSL.I-CUBE-wolfTPM.3.4.0
2025-03-04 20:21:48,798 [WARN] PackLoader:240 - Cannot read IP mode file for portGmbH.I-Cube-SoM-uGOAL.1.1.0
2025-03-04 20:21:48,831 [WARN] PackLoader:240 - Cannot read IP mode file for STMicroelectronics.X-CUBE-AZRTOS-H7RS.1.0.0
2025-03-04 20:21:48,854 [WARN] PackLoader:240 - Cannot read IP mode file for STMicroelectronics.X-CUBE-TOF1.3.4.2
2025-03-04 20:21:48,868 [WARN] PackLoader:240 - Cannot read IP mode file for wolfSSL.I-CUBE-wolfSSH.1.4.17
2025-03-04 20:21:48,868 [INFO] ThirdParty:978 - Integrity check success = true
2025-03-04 20:21:48,869 [INFO] IntegrityCheckThread:100 - exiting critical section [integrity check]
2025-03-04 20:21:48,869 [INFO] IntegrityCheckThread:103 - End integrity checks thread
